/home/ray/Data/FreeSurferMNI152/FreeSurfer/mri
/usr/local/freesurfer/5.1/bin/talairach_avi
--i orig.mgz --xfm transforms/talairach.auto.xfm
$Id: talairach_avi,v 1.9 2011/03/02 18:38:06 nicks Exp $
Linux ph18razlighi.neuro.columbia.edu 2.6.32-573.7.1.el6.x86_64 #1 SMP Tue Sep 22 22:00:00 UTC 2015 x86_64 x86_64 x86_64 GNU/Linux
Wed Dec  9 13:45:43 EST 2015
mri_convert orig.mgz talsrcimg.img 
$Id: mri_convert.c,v 1.179.2.2 2011/05/16 20:53:47 greve Exp $
reading from orig.mgz...
TR=1000.00, TE=0.00, TI=0.00, flip angle=0.00
i_ras = (-1, 0, 0)
j_ras = (0, 0, -1)
k_ras = (0, 1, 0)
writing to talsrcimg.img...
Analyze Output Matrix
-1.000   0.000   0.000   128.000;
 0.000   0.000   1.000  -146.000;
 0.000  -1.000   0.000   148.000;
 0.000   0.000   0.000   1.000;
--------------------
INFO: set hdr.hist.orient to -1
mpr2mni305 talsrcimg
Wed Dec  9 13:45:44 EST 2015
/usr/local/freesurfer/5.1/bin/mpr2mni305 talsrcimg
$Id: mpr2mni305,v 1.4 2009/06/03 16:01:38 nicks Exp $
target=711-2C_as_mni_average_305

---------------------------------------------------------------------
analyzeto4dfp talsrcimg -O0 -y
---------------------------------------------------------------------

$Id: ifh2hdr.c,v 1.3 2007/05/05 10:45:03 nicks Exp $
Wed Dec  9 13:45:45 2015
Writing: talsrcimg.4dfp.hdr
$Id: analyzeto4dfp.c,v 1.2 2007/05/05 00:00:06 nicks Exp $
Reading: talsrcimg.hdr
header size 348 bytes
hdr.dime.datatype	offset=70	value=2
hdr.dime.bitpix		offset=72	value=8
hdr.hist.orient		offset=252	value=-1
dimensionality     4
dimensions       256       256       256         1
Reading: talsrcimg.img
Writing: talsrcimg.4dfp.img
Writing: talsrcimg.4dfp.ifh
ifh2hdr talsrcimg -r0to255
ori=2

---------------------------------------------------------------------
gauss_4dfp talsrcimg 1.1
---------------------------------------------------------------------

$Id: gauss_4dfp.c,v 1.3 2009/05/15 21:43:46 nicks Exp $
Reading: talsrcimg.4dfp.img
Writing: talsrcimg_g11.4dfp.img
image dimensions 256 256 256 padded to 288 288 288
processing volume 1$Id: ifh2hdr.c,v 1.3 2007/05/05 10:45:03 nicks Exp $
Wed Dec  9 13:45:53 2015
Writing: talsrcimg_g11.4dfp.hdr

Writing: talsrcimg_g11.4dfp.ifh
including: talsrcimg.4dfp.img.rec in talsrcimg_g11.4dfp.img.rec

---------------------------------------------------------------------
imgreg_4dfp /usr/local/freesurfer/5.1/average/711-2C_as_mni_average_305 none talsrcimg_g11 none talsrcimg_to_711-2C_as_mni_average_305_t4 4355
---------------------------------------------------------------------

$Id: imgreg_4dfp.c,v 1.4 2010/02/27 01:41:53 nicks Exp $
/usr/local/freesurfer/5.1/average/711-2C_as_mni_average_305.4dfp.img
       256       256       256         1
  1.000000  1.000000  1.000000
orientation T byte_order littleendian
Reading image: /usr/local/freesurfer/5.1/average/711-2C_as_mni_average_305.4dfp.img
dimensions:      256       256       256
mmppix:       1.0000   -1.0000   -1.0000
center:     128.0000 -129.0000 -129.0000
talsrcimg_g11.4dfp.img
       256       256       256         1
  1.000000  1.000000  1.000000
orientation T byte_order littleendian
Reading image: talsrcimg_g11.4dfp.img
dimensions:      256       256       256
mmppix:       1.0000   -1.0000   -1.0000
center:     128.0000 -129.0000 -129.0000
t4_read: talsrcimg_to_711-2C_as_mni_average_305_t4 read error
t4_read: transform initialized to I4
rotation matrix determinant  1.000000
image alignment mode   4355 decimal     1103 hex
   -7.5000  -45.0000  -45.0000 8552.4551    7.1018
    0.0000  -45.0000  -45.0000 8976.9883    7.0866
    7.5000  -45.0000  -45.0000 8597.9873    7.0534
   -7.5000  -37.5000  -45.0000 8928.6562    7.1422
    0.0000  -37.5000  -45.0000 9373.5479    7.1275
    7.5000  -37.5000  -45.0000 8972.4404    7.0958
   -7.5000  -30.0000  -45.0000 9595.9736    7.1859
    0.0000  -30.0000  -45.000010069.8174    7.1709
    7.5000  -30.0000  -45.0000 9635.9355    7.1389
   -7.5000  -22.5000  -45.000010307.3359    7.1707
    0.0000  -22.5000  -45.000010806.6006    7.1549
    7.5000  -22.5000  -45.000010345.6396    7.1208
   -7.5000  -15.0000  -45.000011028.9531    7.1274
    0.0000  -15.0000  -45.000011573.3447    7.1110
    7.5000  -15.0000  -45.000011074.9531    7.0754
   -7.5000   -7.5000  -45.000011553.2803    7.0925
    0.0000   -7.5000  -45.000012124.0957    7.0764
    7.5000   -7.5000  -45.000011600.9092    7.0413
   -7.5000    0.0000  -45.000011663.0645    7.0923
    0.0000    0.0000  -45.000012236.6182    7.0770
    7.5000    0.0000  -45.000011718.5293    7.0438
   -7.5000    7.5000  -45.000011000.3066    7.1422
    0.0000    7.5000  -45.000011550.5771    7.1275
    7.5000    7.5000  -45.000011056.2637    7.0958
   -7.5000   15.0000  -45.000010263.6641    7.1859
    0.0000   15.0000  -45.000010774.9795    7.1709
    7.5000   15.0000  -45.000010311.6338    7.1389
   -7.5000   22.5000  -45.0000 9460.4336    7.1697
    0.0000   22.5000  -45.0000 9944.3828    7.1539
    7.5000   22.5000  -45.0000 9503.4863    7.1198
   -7.5000   30.0000  -45.0000 8645.3506    7.0324
    0.0000   30.0000  -45.0000 9098.2451    7.0163
    7.5000   30.0000  -45.0000 8688.8193    6.9811
   -7.5000   37.5000  -45.0000 8167.8262    6.9980
    0.0000   37.5000  -45.0000 8596.5898    6.9822
    7.5000   37.5000  -45.0000 8214.1523    6.9475
   -7.5000   45.0000  -45.0000 7529.1309    7.1255
    0.0000   45.0000  -45.0000 7915.4160    7.1098
    7.5000   45.0000  -45.0000 7563.2017    7.0758
   -7.5000  -45.0000  -37.5000 9212.5312    6.9847
    0.0000  -45.0000  -37.5000 9669.8975    6.9702
    7.5000  -45.0000  -37.5000 9258.9844    6.9372
   -7.5000  -37.5000  -37.5000 9600.8359    7.0261
    0.0000  -37.5000  -37.500010083.3945    7.0112
    7.5000  -37.5000  -37.5000 9646.1738    6.9787
   -7.5000  -30.0000  -37.500010305.0518    7.0699
    0.0000  -30.0000  -37.500010813.8555    7.0540
    7.5000  -30.0000  -37.500010348.3271    7.0207
   -7.5000  -22.5000  -37.500011032.1758    7.0541
    0.0000  -22.5000  -37.500011565.6172    7.0374
    7.5000  -22.5000  -37.500011070.5205    7.0028
   -7.5000  -15.0000  -37.500011784.1426    7.0100
    0.0000  -15.0000  -37.500012361.9023    6.9936
    7.5000  -15.0000  -37.500011829.8086    6.9585
   -7.5000   -7.5000  -37.500012316.0645    6.9751
    0.0000   -7.5000  -37.500012922.7529    6.9597
    7.5000   -7.5000  -37.500012368.6426    6.9254
   -7.5000    0.0000  -37.500012444.4346    6.9756
    0.0000    0.0000  -37.500013061.0361    6.9610
    7.5000    0.0000  -37.500012514.0879    6.9279
   -7.5000    7.5000  -37.500011718.8623    7.0261
    0.0000    7.5000  -37.500012274.5166    7.0112
    7.5000    7.5000  -37.500011779.6602    6.9787
   -7.5000   15.0000  -37.500010901.8662    7.0699
    0.0000   15.0000  -37.500011408.9268    7.0540
    7.5000   15.0000  -37.500010957.9473    7.0207
   -7.5000   22.5000  -37.500010040.7568    7.0531
    0.0000   22.5000  -37.500010519.8857    7.0364
    7.5000   22.5000  -37.500010100.7686    7.0019
   -7.5000   30.0000  -37.5000 9157.7354    6.9166
    0.0000   30.0000  -37.5000 9610.0928    6.9004
    7.5000   30.0000  -37.5000 9214.7705    6.8658
   -7.5000   37.5000  -37.5000 8618.2754    6.8823
    0.0000   37.5000  -37.5000 9052.2793    6.8671
    7.5000   37.5000  -37.5000 8669.1758    6.8332
   -7.5000   45.0000  -37.5000 7929.1973    7.0089
    0.0000   45.0000  -37.5000 8331.3818    6.9938
    7.5000   45.0000  -37.5000 7977.0635    6.9598
   -7.5000  -45.0000  -30.000010055.1064    7.1740
    0.0000  -45.0000  -30.000010533.5889    7.1593
    7.5000  -45.0000  -30.000010103.5742    7.1256
   -7.5000  -37.5000  -30.000010478.6094    7.2184
    0.0000  -37.5000  -30.000010986.3379    7.2027
    7.5000  -37.5000  -30.000010530.8721    7.1683
   -7.5000  -30.0000  -30.000011241.4824    7.2650
    0.0000  -30.0000  -30.000011779.2988    7.2480
    7.5000  -30.0000  -30.000011295.6426    7.2126
   -7.5000  -22.5000  -30.000011998.3799    7.2482
    0.0000  -22.5000  -30.000012558.4795    7.2313
    7.5000  -22.5000  -30.000012042.7783    7.1957
   -7.5000  -15.0000  -30.000012809.8223    7.2013
    0.0000  -15.0000  -30.000013406.3232    7.1853
    7.5000  -15.0000  -30.000012855.1523    7.1505
   -7.5000   -7.5000  -30.000013368.6387    7.1641
    0.0000   -7.5000  -30.000013981.5215    7.1492
    7.5000   -7.5000  -30.000013405.8672    7.1152
   -7.5000    0.0000  -30.000013503.9600    7.1648
    0.0000    0.0000  -30.000014110.0410    7.1501
    7.5000    0.0000  -30.000013551.0518    7.1163
   -7.5000    7.5000  -30.000012668.8682    7.2184
    0.0000    7.5000  -30.000013224.3447    7.2027
    7.5000    7.5000  -30.000012719.0713    7.1683
   -7.5000   15.0000  -30.000011767.4238    7.2650
    0.0000   15.0000  -30.000012271.9893    7.2480
    7.5000   15.0000  -30.000011819.5371    7.2126
   -7.5000   22.5000  -30.000010824.6572    7.2465
    0.0000   22.5000  -30.000011314.7490    7.2295
    7.5000   22.5000  -30.000010888.6406    7.1940
   -7.5000   30.0000  -30.0000 9848.8330    7.1060
    0.0000   30.0000  -30.000010320.7451    7.0903
    7.5000   30.0000  -30.0000 9911.5693    7.0559
   -7.5000   37.5000  -30.0000 9230.9951    7.0695
    0.0000   37.5000  -30.0000 9678.8525    7.0547
    7.5000   37.5000  -30.0000 9289.3838    7.0211
   -7.5000   45.0000  -30.0000 8461.3369    7.2036
    0.0000   45.0000  -30.0000 8885.2676    7.1883
    7.5000   45.0000  -30.0000 8519.6133    7.1533
   -7.5000  -45.0000  -22.500010959.0938    7.3680
    0.0000  -45.0000  -22.500011467.8564    7.3530
    7.5000  -45.0000  -22.500011020.6924    7.3193
   -7.5000  -37.5000  -22.500011422.1152    7.4155
    0.0000  -37.5000  -22.500011963.9033    7.3995
    7.5000  -37.5000  -22.500011492.4941    7.3647
   -7.5000  -30.0000  -22.500012234.5869    7.4654
    0.0000  -30.0000  -22.500012824.1475    7.4490
    7.5000  -30.0000  -22.500012312.6846    7.4133
   -7.5000  -22.5000  -22.500013037.5469    7.4484
    0.0000  -22.5000  -22.500013639.2441    7.4328
    7.5000  -22.5000  -22.500013098.5273    7.3976
   -7.5000  -15.0000  -22.500013923.7490    7.3985
    0.0000  -15.0000  -22.500014535.5605    7.3838
    7.5000  -15.0000  -22.500013982.4043    7.3499
   -7.5000   -7.5000  -22.500014473.2812    7.3583
    0.0000   -7.5000  -22.500015098.1309    7.3438
    7.5000   -7.5000  -22.500014528.7227    7.3105
   -7.5000    0.0000  -22.500014606.6855    7.3586
    0.0000    0.0000  -22.500015228.4541    7.3435
    7.5000    0.0000  -22.500014666.0781    7.3099
   -7.5000    7.5000  -22.500013675.3350    7.4155
    0.0000    7.5000  -22.500014235.7480    7.3995
    7.5000    7.5000  -22.500013732.3994    7.3647
   -7.5000   15.0000  -22.500012683.6953    7.4654
    0.0000   15.0000  -22.500013188.4697    7.4490
    7.5000   15.0000  -22.500012745.9814    7.4133
   -7.5000   22.5000  -22.500011653.3262    7.4461
    0.0000   22.5000  -22.500012123.5078    7.4305
    7.5000   22.5000  -22.500011712.9482    7.3953
   -7.5000   30.0000  -22.500010567.1777    7.3018
    0.0000   30.0000  -22.500011037.3535    7.2872
    7.5000   30.0000  -22.500010635.5547    7.2537
   -7.5000   37.5000  -22.5000 9882.5527    7.2622
    0.0000   37.5000  -22.500010332.8643    7.2479
    7.5000   37.5000  -22.5000 9939.2002    7.2150
   -7.5000   45.0000  -22.5000 9028.7070    7.4052
    0.0000   45.0000  -22.5000 9454.6367    7.3893
    7.5000   45.0000  -22.5000 9086.4434    7.3541
   -7.5000  -45.0000  -15.000011891.5732    7.5476
    0.0000  -45.0000  -15.000012467.9248    7.5323
    7.5000  -45.0000  -15.000011979.2178    7.4993
   -7.5000  -37.5000  -15.000012386.4004    7.5958
    0.0000  -37.5000  -15.000013003.8291    7.5803
    7.5000  -37.5000  -15.000012486.9736    7.5468
   -7.5000  -30.0000  -15.000013272.0039    7.6471
    0.0000  -30.0000  -15.000013939.5439    7.6321
    7.5000  -30.0000  -15.000013369.9707    7.5980
   -7.5000  -22.5000  -15.000014134.6387    7.6305
    0.0000  -22.5000  -15.000014815.8311    7.6161
    7.5000  -22.5000  -15.000014208.2529    7.5821
   -7.5000  -15.0000  -15.000015089.9053    7.5798
    0.0000  -15.0000  -15.000015776.0107    7.5657
    7.5000  -15.0000  -15.000015169.8994    7.5322
   -7.5000   -7.5000  -15.000015615.2939    7.5383
    0.0000   -7.5000  -15.000016309.6582    7.5236
    7.5000   -7.5000  -15.000015691.5127    7.4905
   -7.5000    0.0000  -15.000015754.9609    7.5379
    0.0000    0.0000  -15.000016422.8574    7.5226
    7.5000    0.0000  -15.000015824.6133    7.4895
   -7.5000    7.5000  -15.000014730.5176    7.5958
    0.0000    7.5000  -15.000015328.0518    7.5803
    7.5000    7.5000  -15.000014823.9219    7.5468
   -7.5000   15.0000  -15.000013618.9170    7.6471
    0.0000   15.0000  -15.000014147.5020    7.6321
    7.5000   15.0000  -15.000013707.7793    7.5980
   -7.5000   22.5000  -15.000012474.2744    7.6278
    0.0000   22.5000  -15.000012941.1426    7.6134
    7.5000   22.5000  -15.000012533.0527    7.5794
   -7.5000   30.0000  -15.000011292.8086    7.4817
    0.0000   30.0000  -15.000011748.2158    7.4678
    7.5000   30.0000  -15.000011360.0186    7.4347
   -7.5000   37.5000  -15.000010558.0312    7.4408
    0.0000   37.5000  -15.000011000.8320    7.4264
    7.5000   37.5000  -15.000010612.2275    7.3937
   -7.5000   45.0000  -15.0000 9633.8799    7.5902
    0.0000   45.0000  -15.000010052.6611    7.5740
    7.5000   45.0000  -15.0000 9686.6533    7.5392
   -7.5000  -45.0000   -7.500012881.6094    7.6457
    0.0000  -45.0000   -7.500013560.2070    7.6303
    7.5000  -45.0000   -7.500013003.9062    7.5970
   -7.5000  -37.5000   -7.500013419.7471    7.6926
    0.0000  -37.5000   -7.500014148.5146    7.6777
    7.5000  -37.5000   -7.500013542.6631    7.6452
   -7.5000  -30.0000   -7.500014386.7168    7.7431
    0.0000  -30.0000   -7.500015160.6572    7.7286
    7.5000  -30.0000   -7.500014495.2666    7.6958
   -7.5000  -22.5000   -7.500015335.3555    7.7269
    0.0000  -22.5000   -7.500016124.1416    7.7123
    7.5000  -22.5000   -7.500015430.8164    7.6782
   -7.5000  -15.0000   -7.500016359.8965    7.6775
    0.0000  -15.0000   -7.500017171.4922    7.6624
    7.5000  -15.0000   -7.500016468.4043    7.6274
   -7.5000   -7.5000   -7.500016867.9375    7.6366
    0.0000   -7.5000   -7.500017679.7520    7.6211
    7.5000   -7.5000   -7.500016963.3340    7.5865
   -7.5000    0.0000   -7.500016966.5547    7.6358
    0.0000    0.0000   -7.500017743.1895    7.6203
    7.5000    0.0000   -7.500017074.0488    7.5870
   -7.5000    7.5000   -7.500015849.9004    7.6926
    0.0000    7.5000   -7.500016540.4453    7.6777
    7.5000    7.5000   -7.500015978.7275    7.6452
   -7.5000   15.0000   -7.500014652.0410    7.7431
    0.0000   15.0000   -7.500015233.7236    7.7286
    7.5000   15.0000   -7.500014754.3018    7.6958
   -7.5000   22.5000   -7.500013370.0869    7.7234
    0.0000   22.5000   -7.500013877.2324    7.7087
    7.5000   22.5000   -7.500013446.0840    7.6747
   -7.5000   30.0000   -7.500012087.9912    7.5780
    0.0000   30.0000   -7.500012543.3887    7.5630
    7.5000   30.0000   -7.500012143.1035    7.5285
   -7.5000   37.5000   -7.500011292.8076    7.5377
    0.0000   37.5000   -7.500011751.0371    7.5224
    7.5000   37.5000   -7.500011351.4492    7.4883
   -7.5000   45.0000   -7.500010308.3691    7.6914
    0.0000   45.0000   -7.500010747.5361    7.6751
    7.5000   45.0000   -7.500010369.4756    7.6399
   -7.5000  -45.0000    0.000013834.3662    7.6674
    0.0000  -45.0000    0.000014632.7061    7.6518
    7.5000  -45.0000    0.000013966.1152    7.6174
   -7.5000  -37.5000    0.000014407.8096    7.7131
    0.0000  -37.5000    0.000015251.2666    7.6980
    7.5000  -37.5000    0.000014539.0479    7.6651
   -7.5000  -30.0000    0.000015455.0322    7.7623
    0.0000  -30.0000    0.000016339.0332    7.7469
    7.5000  -30.0000    0.000015571.1816    7.7135
   -7.5000  -22.5000    0.000016509.8730    7.7461
    0.0000  -22.5000    0.000017440.4785    7.7297
    7.5000  -22.5000    0.000016635.2949    7.6943
   -7.5000  -15.0000    0.000017598.2344    7.6978
    0.0000  -15.0000    0.000018653.7012    7.6809
    7.5000  -15.0000    0.000017774.0488    7.6439
   -7.5000   -7.5000    0.000018081.3008    7.6581
    0.0000   -7.5000    0.000019096.0664    7.6416
    7.5000   -7.5000    0.000018201.5840    7.6052
   -7.5000    0.0000    0.000018157.1289    7.6574
    0.0000    0.0000    0.000019091.8730    7.6418
    7.5000    0.0000    0.000018278.1250    7.6074
   -7.5000    7.5000    0.000016985.9492    7.7131
    0.0000    7.5000    0.000017822.4629    7.6980
    7.5000    7.5000    0.000017114.4941    7.6651
   -7.5000   15.0000    0.000015668.7383    7.7623
    0.0000   15.0000    0.000016390.1367    7.7469
    7.5000   15.0000    0.000015777.9629    7.7135
   -7.5000   22.5000    0.000014275.8018    7.7425
    0.0000   22.5000    0.000014906.9365    7.7262
    7.5000   22.5000    0.000014354.9648    7.6907
   -7.5000   30.0000    0.000012870.1904    7.5981
    0.0000   30.0000    0.000013414.7656    7.5815
    7.5000   30.0000    0.000012941.6172    7.5449
   -7.5000   37.5000    0.000011989.7432    7.5591
    0.0000   37.5000    0.000012513.6787    7.5428
    7.5000   37.5000    0.000012067.6602    7.5069
   -7.5000   45.0000    0.000010947.7500    7.7149
    0.0000   45.0000    0.000011422.5498    7.6986
    7.5000   45.0000    0.000011002.7822    7.6624
   -7.5000  -45.0000    7.500013658.6270    7.6638
    0.0000  -45.0000    7.500014551.4014    7.6481
    7.5000  -45.0000    7.500013814.4814    7.6124
   -7.5000  -37.5000    7.500014244.6816    7.7102
    0.0000  -37.5000    7.500015190.8018    7.6941
    7.5000  -37.5000    7.500014411.0166    7.6588
   -7.5000  -30.0000    7.500015333.4736    7.7593
    0.0000  -30.0000    7.500016322.1982    7.7420
    7.5000  -30.0000    7.500015463.0781    7.7059
   -7.5000  -22.5000    7.500016515.4824    7.7421
    0.0000  -22.5000    7.500017736.6230    7.7240
    7.5000  -22.5000    7.500016693.5859    7.6865
   -7.5000  -15.0000    7.500017605.6504    7.6932
    0.0000  -15.0000    7.500019056.3164    7.6754
    7.5000  -15.0000    7.500017846.7051    7.6373
   -7.5000   -7.5000    7.500017926.8184    7.6539
    0.0000   -7.5000    7.500019222.7578    7.6372
    7.5000   -7.5000    7.500018093.4688    7.6000
   -7.5000    0.0000    7.500017938.8262    7.6540
    0.0000    0.0000    7.500019081.1836    7.6382
    7.5000    0.0000    7.500018056.1172    7.6025
   -7.5000    7.5000    7.500016778.3535    7.7102
    0.0000    7.5000    7.500017793.6758    7.6941
    7.5000    7.5000    7.500016875.2383    7.6588
   -7.5000   15.0000    7.500015429.3223    7.7593
    0.0000   15.0000    7.500016305.5664    7.7420
    7.5000   15.0000    7.500015528.7227    7.7059
   -7.5000   22.5000    7.500014034.6885    7.7385
    0.0000   22.5000    7.500014783.9551    7.7205
    7.5000   22.5000    7.500014125.9463    7.6830
   -7.5000   30.0000    7.500012651.1787    7.5936
    0.0000   30.0000    7.500013293.8809    7.5760
    7.5000   30.0000    7.500012734.4326    7.5385
   -7.5000   37.5000    7.500011767.0928    7.5550
    0.0000   37.5000    7.500012361.2256    7.5385
    7.5000   37.5000    7.500011861.0322    7.5018
   -7.5000   45.0000    7.500010731.9336    7.7113
    0.0000   45.0000    7.500011247.2373    7.6949
    7.5000   45.0000    7.500010797.6221    7.6575
   -7.5000  -45.0000   15.000013362.2549    7.6549
    0.0000  -45.0000   15.000014300.4385    7.6392
    7.5000  -45.0000   15.000013549.1113    7.6030
   -7.5000  -37.5000   15.000013940.8672    7.7029
    0.0000  -37.5000   15.000014967.9727    7.6861
    7.5000  -37.5000   15.000014116.7402    7.6491
   -7.5000  -30.0000   15.000015020.5234    7.7531
    0.0000  -30.0000   15.000016251.7588    7.7350
    7.5000  -30.0000   15.000015201.3672    7.6969
   -7.5000  -22.5000   15.000016267.6104    7.7353
    0.0000  -22.5000   15.000018135.6230    7.7172
    7.5000  -22.5000   15.000016576.8574    7.6790
   -7.5000  -15.0000   15.000017390.7559    7.6848
    0.0000  -15.0000   15.000019440.0039    7.6677
    7.5000  -15.0000   15.000017737.1387    7.6304
   -7.5000   -7.5000   15.000017519.1426    7.6446
    0.0000   -7.5000   15.000019134.4473    7.6286
    7.5000   -7.5000   15.000017758.6074    7.5922
   -7.5000    0.0000   15.000017425.1582    7.6452
    0.0000    0.0000   15.000018724.9570    7.6294
    7.5000    0.0000   15.000017564.0742    7.5932
   -7.5000    7.5000   15.000016255.2637    7.7029
    0.0000    7.5000   15.000017357.6914    7.6861
    7.5000    7.5000   15.000016386.5215    7.6491
   -7.5000   15.0000   15.000014961.2959    7.7531
    0.0000   15.0000   15.000015889.8242    7.7350
    7.5000   15.0000   15.000015104.7412    7.6969
   -7.5000   22.5000   15.000013661.4834    7.7317
    0.0000   22.5000   15.000014414.4570    7.7136
    7.5000   22.5000   15.000013765.3271    7.6755
   -7.5000   30.0000   15.000012333.8750    7.5853
    0.0000   30.0000   15.000012970.7412    7.5685
    7.5000   30.0000   15.000012417.6191    7.5317
   -7.5000   37.5000   15.000011447.7070    7.5458
    0.0000   37.5000   15.000012039.9971    7.5300
    7.5000   37.5000   15.000011527.1172    7.4940
   -7.5000   45.0000   15.000010402.9326    7.7013
    0.0000   45.0000   15.000010929.0654    7.6848
    7.5000   45.0000   15.000010477.0645    7.6471
   -7.5000  -45.0000   22.500012850.8506    7.6484
    0.0000  -45.0000   22.500013826.9209    7.6329
    7.5000  -45.0000   22.500013030.0107    7.5980
   -7.5000  -37.5000   22.500013444.9678    7.6978
    0.0000  -37.5000   22.500014465.0166    7.6812
    7.5000  -37.5000   22.500013610.3584    7.6451
   -7.5000  -30.0000   22.500014477.7012    7.7496
    0.0000  -30.0000   22.500015659.6328    7.7326
    7.5000  -30.0000   22.500014663.2227    7.6955
   -7.5000  -22.5000   22.500015577.5244    7.7320
    0.0000  -22.5000   22.500017169.3398    7.7157
    7.5000  -22.5000   22.500015875.6377    7.6792
   -7.5000  -15.0000   22.500016563.3398    7.6802
    0.0000  -15.0000   22.500018187.0781    7.6649
    7.5000  -15.0000   22.500016864.6152    7.6297
   -7.5000   -7.5000   22.500016765.0098    7.6385
    0.0000   -7.5000   22.500018093.5996    7.6234
    7.5000   -7.5000   22.500016986.7871    7.5888
   -7.5000    0.0000   22.500016719.8789    7.6387
    0.0000    0.0000   22.500017870.8105    7.6231
    7.5000    0.0000   22.500016899.4062    7.5881
   -7.5000    7.5000   22.500015575.8086    7.6978
    0.0000    7.5000   22.500016607.0938    7.6812
    7.5000    7.5000   22.500015729.3613    7.6451
   -7.5000   15.0000   22.500014337.6094    7.7496
    0.0000   15.0000   22.500015247.8887    7.7326
    7.5000   15.0000   22.500014474.0947    7.6955
   -7.5000   22.5000   22.500013081.5342    7.7284
    0.0000   22.5000   22.500013837.8711    7.7122
    7.5000   22.5000   22.500013166.8115    7.6757
   -7.5000   30.0000   22.500011788.2832    7.5808
    0.0000   30.0000   22.500012438.2568    7.5657
    7.5000   30.0000   22.500011859.8389    7.5310
   -7.5000   37.5000   22.500010952.2539    7.5397
    0.0000   37.5000   22.500011531.3604    7.5249
    7.5000   37.5000   22.500011016.1992    7.4907
   -7.5000   45.0000   22.5000 9945.0732    7.6938
    0.0000   45.0000   22.500010435.6338    7.6773
    7.5000   45.0000   22.5000 9993.4209    7.6407
   -7.5000  -45.0000   30.000012145.8457    7.6698
    0.0000  -45.0000   30.000012844.0566    7.6543
    7.5000  -45.0000   30.000012262.0996    7.6209
   -7.5000  -37.5000   30.000012678.6318    7.7187
    0.0000  -37.5000   30.000013417.8721    7.7031
    7.5000  -37.5000   30.000012796.7871    7.6692
   -7.5000  -30.0000   30.000013624.6816    7.7708
    0.0000  -30.0000   30.000014481.6006    7.7557
    7.5000  -30.0000   30.000013772.7354    7.7212
   -7.5000  -22.5000   30.000014570.3047    7.7540
    0.0000  -22.5000   30.000015578.6592    7.7394
    7.5000  -22.5000   30.000014770.7529    7.7050
   -7.5000  -15.0000   30.000015466.7070    7.7025
    0.0000  -15.0000   30.000016448.6836    7.6882
    7.5000  -15.0000   30.000015635.7568    7.6543
   -7.5000   -7.5000   30.000015735.2002    7.6603
    0.0000   -7.5000   30.000016658.7402    7.6455
    7.5000   -7.5000   30.000015863.6494    7.6120
   -7.5000    0.0000   30.000015777.7480    7.6599
    0.0000    0.0000   30.000016693.4238    7.6444
    7.5000    0.0000   30.000015905.3857    7.6109
   -7.5000    7.5000   30.000014742.3389    7.7187
    0.0000    7.5000   30.000015606.1387    7.7031
    7.5000    7.5000   30.000014860.3203    7.6692
   -7.5000   15.0000   30.000013594.6113    7.7708
    0.0000   15.0000   30.000014370.8936    7.7557
    7.5000   15.0000   30.000013698.8555    7.7212
   -7.5000   22.5000   30.000012397.1719    7.7504
    0.0000   22.5000   30.000013069.5566    7.7359
    7.5000   22.5000   30.000012464.1143    7.7015
   -7.5000   30.0000   30.000011144.1680    7.6028
    0.0000   30.0000   30.000011755.1660    7.5887
    7.5000   30.0000   30.000011204.4443    7.5553
   -7.5000   37.5000   30.000010314.3047    7.5613
    0.0000   37.5000   30.000010871.9775    7.5467
    7.5000   37.5000   30.000010370.8818    7.5136
   -7.5000   45.0000   30.0000 9326.0674    7.7149
    0.0000   45.0000   30.0000 9819.4639    7.6985
    7.5000   45.0000   30.0000 9363.1064    7.6632
   -7.5000  -45.0000   37.500011807.0068    7.7585
    0.0000  -45.0000   37.500012382.8340    7.7430
    7.5000  -45.0000   37.500011887.2979    7.7094
   -7.5000  -37.5000   37.500012299.4395    7.8058
    0.0000  -37.5000   37.500012932.2129    7.7909
    7.5000  -37.5000   37.500012393.1006    7.7582
   -7.5000  -30.0000   37.500013191.2939    7.8572
    0.0000  -30.0000   37.500013922.4395    7.8427
    7.5000  -30.0000   37.500013306.0928    7.8096
   -7.5000  -22.5000   37.500014099.2119    7.8408
    0.0000  -22.5000   37.500014893.3477    7.8262
    7.5000  -22.5000   37.500014215.1602    7.7918
   -7.5000  -15.0000   37.500015007.4072    7.7908
    0.0000  -15.0000   37.500015802.0205    7.7756
    7.5000  -15.0000   37.500015100.0137    7.7403
   -7.5000   -7.5000   37.500015260.5498    7.7492
    0.0000   -7.5000   37.500016062.4980    7.7336
    7.5000   -7.5000   37.500015354.7256    7.6987
   -7.5000    0.0000   37.500015328.4492    7.7483
    0.0000    0.0000   37.500016140.5283    7.7327
    7.5000    0.0000   37.500015425.6924    7.6991
   -7.5000    7.5000   37.500014354.8984    7.8058
    0.0000    7.5000   37.500015122.9229    7.7909
    7.5000    7.5000   37.500014423.2480    7.7582
   -7.5000   15.0000   37.500013239.8506    7.8572
    0.0000   15.0000   37.500013936.4893    7.8427
    7.5000   15.0000   37.500013300.5957    7.8096
   -7.5000   22.5000   37.500012066.2852    7.8372
    0.0000   22.5000   37.500012684.3467    7.8226
    7.5000   22.5000   37.500012109.6006    7.7882
   -7.5000   30.0000   37.500010858.6484    7.6900
    0.0000   30.0000   37.500011425.1436    7.6749
    7.5000   30.0000   37.500010911.6289    7.6401
   -7.5000   37.5000   37.500010035.0146    7.6491
    0.0000   37.5000   37.500010544.8535    7.6336
    7.5000   37.5000   37.500010083.2119    7.5992
   -7.5000   45.0000   37.5000 9061.8848    7.8061
    0.0000   45.0000   37.5000 9509.0625    7.7897
    7.5000   45.0000   37.5000 9096.8848    7.7542
   -7.5000  -45.0000   45.000010932.8760    7.8486
    0.0000  -45.0000   45.000011452.0205    7.8330
    7.5000  -45.0000   45.000010999.1377    7.7980
   -7.5000  -37.5000   45.000011387.1045    7.8961
    0.0000  -37.5000   45.000011942.4541    7.8811
    7.5000  -37.5000   45.000011454.8750    7.8476
   -7.5000  -30.0000   45.000012195.2783    7.9471
    0.0000  -30.0000   45.000012803.5850    7.9316
    7.5000  -30.0000   45.000012276.6162    7.8976
   -7.5000  -22.5000   45.000013030.5459    7.9305
    0.0000  -22.5000   45.000013670.0322    7.9140
    7.5000  -22.5000   45.000013100.1895    7.8779
   -7.5000  -15.0000   45.000013879.0352    7.8807
    0.0000  -15.0000   45.000014549.4717    7.8636
    7.5000  -15.0000   45.000013943.8574    7.8259
   -7.5000   -7.5000   45.000014127.2666    7.8397
    0.0000   -7.5000   45.000014805.6221    7.8230
    7.5000   -7.5000   45.000014175.2744    7.7859
   -7.5000    0.0000   45.000014186.0742    7.8387
    0.0000    0.0000   45.000014886.5488    7.8231
    7.5000    0.0000   45.000014253.6826    7.7880
   -7.5000    7.5000   45.000013290.4160    7.8961
    0.0000    7.5000   45.000013934.8076    7.8811
    7.5000    7.5000   45.000013338.1504    7.8476
   -7.5000   15.0000   45.000012272.3760    7.9471
    0.0000   15.0000   45.000012874.1348    7.9316
    7.5000   15.0000   45.000012308.1113    7.8976
   -7.5000   22.5000   45.000011167.0264    7.9268
    0.0000   22.5000   45.000011715.6719    7.9103
    7.5000   22.5000   45.000011201.6318    7.8742
   -7.5000   30.0000   45.000010036.3330    7.7780
    0.0000   30.0000   45.000010531.4219    7.7612
    7.5000   30.0000   45.000010084.5049    7.7239
   -7.5000   37.5000   45.0000 9270.3730    7.7376
    0.0000   37.5000   45.0000 9721.1406    7.7212
    7.5000   37.5000   45.0000 9308.6318    7.6846
   -7.5000   45.0000   45.0000 8382.1992    7.9031
    0.0000   45.0000   45.0000 8779.3105    7.8867
    7.5000   45.0000   45.0000 8402.2959    7.8498

---------------------------------------------------------------------
imgreg_4dfp /usr/local/freesurfer/5.1/average/711-2C_as_mni_average_305 /usr/local/freesurfer/5.1/average/711-2B_as_mni_average_305_mask talsrcimg_g11 none talsrcimg_to_711-2C_as_mni_average_305_t4 4355
---------------------------------------------------------------------

$Id: imgreg_4dfp.c,v 1.4 2010/02/27 01:41:53 nicks Exp $
/usr/local/freesurfer/5.1/average/711-2C_as_mni_average_305.4dfp.img
       256       256       256         1
  1.000000  1.000000  1.000000
orientation T byte_order littleendian
Reading image: /usr/local/freesurfer/5.1/average/711-2C_as_mni_average_305.4dfp.img
dimensions:      256       256       256
mmppix:       1.0000   -1.0000   -1.0000
center:     128.0000 -129.0000 -129.0000
/usr/local/freesurfer/5.1/average/711-2B_as_mni_average_305_mask.4dfp.img
       256       256       256         1
  1.000000  1.000000  1.000000
orientation T byte_order littleendian
Reading mask: /usr/local/freesurfer/5.1/average/711-2B_as_mni_average_305_mask.4dfp.img (2306576 pixels)
talsrcimg_g11.4dfp.img
       256       256       256         1
  1.000000  1.000000  1.000000
orientation T byte_order littleendian
Reading image: talsrcimg_g11.4dfp.img
dimensions:      256       256       256
mmppix:       1.0000   -1.0000   -1.0000
center:     128.0000 -129.0000 -129.0000
rotation matrix determinant  1.000000
image alignment mode   4355 decimal     1103 hex
   -7.5000  -60.0000  -30.0000 2425.0322    9.4511
    0.0000  -60.0000  -30.0000 2445.5696    9.4032
    7.5000  -60.0000  -30.0000 2435.4568    9.4187
   -7.5000  -52.5000  -30.0000 2509.3916    8.7953
    0.0000  -52.5000  -30.0000 2527.5330    8.7427
    7.5000  -52.5000  -30.0000 2517.7358    8.7770
   -7.5000  -45.0000  -30.0000 2562.0530    8.3369
    0.0000  -45.0000  -30.0000 2576.8049    8.2639
    7.5000  -45.0000  -30.0000 2568.0095    8.3030
   -7.5000  -37.5000  -30.0000 2589.4607    8.0289
    0.0000  -37.5000  -30.0000 2607.3936    7.9473
    7.5000  -37.5000  -30.0000 2594.5889    7.9862
   -7.5000  -30.0000  -30.0000 2598.1558    7.8024
    0.0000  -30.0000  -30.0000 2613.4956    7.7118
    7.5000  -30.0000  -30.0000 2604.8086    7.7612
   -7.5000  -22.5000  -30.0000 2595.8936    7.6817
    0.0000  -22.5000  -30.0000 2611.7412    7.5876
    7.5000  -22.5000  -30.0000 2602.2563    7.6395
   -7.5000  -15.0000  -30.0000 2591.2209    7.6898
    0.0000  -15.0000  -30.0000 2608.6140    7.5929
    7.5000  -15.0000  -30.0000 2597.8186    7.6557
   -7.5000   -7.5000  -30.0000 2578.5828    7.8411
    0.0000   -7.5000  -30.0000 2599.5164    7.7311
    7.5000   -7.5000  -30.0000 2588.4011    7.7947
   -7.5000    0.0000  -30.0000 2550.4919    8.0647
    0.0000    0.0000  -30.0000 2574.7229    7.9617
    7.5000    0.0000  -30.0000 2561.0784    8.0219
   -7.5000    7.5000  -30.0000 2508.9807    8.4279
    0.0000    7.5000  -30.0000 2531.5024    8.3231
    7.5000    7.5000  -30.0000 2518.4402    8.3935
   -7.5000   15.0000  -30.0000 2448.8010    8.9179
    0.0000   15.0000  -30.0000 2471.2043    8.8138
    7.5000   15.0000  -30.0000 2458.4783    8.8796
   -7.5000   22.5000  -30.0000 2375.6526    9.5920
    0.0000   22.5000  -30.0000 2397.9128    9.4897
    7.5000   22.5000  -30.0000 2383.5081    9.5401
   -7.5000   30.0000  -30.0000 2279.7019   10.4879
    0.0000   30.0000  -30.0000 2303.8345   10.3952
    7.5000   30.0000  -30.0000 2286.4014   10.4416
   -7.5000  -60.0000  -22.5000 2523.5110    8.9932
    0.0000  -60.0000  -22.5000 2545.1333    8.9098
    7.5000  -60.0000  -22.5000 2532.7795    8.9676
   -7.5000  -52.5000  -22.5000 2611.7366    8.3471
    0.0000  -52.5000  -22.5000 2632.1655    8.2644
    7.5000  -52.5000  -22.5000 2621.6328    8.3305
   -7.5000  -45.0000  -22.5000 2666.5415    7.9042
    0.0000  -45.0000  -22.5000 2679.5583    7.8232
    7.5000  -45.0000  -22.5000 2672.6074    7.8713
   -7.5000  -37.5000  -22.5000 2699.9272    7.5913
    0.0000  -37.5000  -22.5000 2716.3660    7.4999
    7.5000  -37.5000  -22.5000 2706.4131    7.5492
   -7.5000  -30.0000  -22.5000 2712.3796    7.3508
    0.0000  -30.0000  -22.5000 2731.7883    7.2594
    7.5000  -30.0000  -22.5000 2722.2097    7.3043
   -7.5000  -22.5000  -22.5000 2716.0330    7.2258
    0.0000  -22.5000  -22.5000 2737.8674    7.1277
    7.5000  -22.5000  -22.5000 2726.6880    7.1803
   -7.5000  -15.0000  -22.5000 2715.7075    7.2296
    0.0000  -15.0000  -22.5000 2737.0435    7.1230
    7.5000  -15.0000  -22.5000 2722.7100    7.1858
   -7.5000   -7.5000  -22.5000 2705.6729    7.3589
    0.0000   -7.5000  -22.5000 2727.2512    7.2440
    7.5000   -7.5000  -22.5000 2714.2725    7.3043
   -7.5000    0.0000  -22.5000 2678.9126    7.5788
    0.0000    0.0000  -22.5000 2701.8474    7.4622
    7.5000    0.0000  -22.5000 2689.2998    7.5284
   -7.5000    7.5000  -22.5000 2635.8101    7.9313
    0.0000    7.5000  -22.5000 2658.1130    7.8059
    7.5000    7.5000  -22.5000 2646.0906    7.8792
   -7.5000   15.0000  -22.5000 2573.7671    8.4160
    0.0000   15.0000  -22.5000 2595.8406    8.2856
    7.5000   15.0000  -22.5000 2582.1096    8.3597
   -7.5000   22.5000  -22.5000 2491.4800    9.0727
    0.0000   22.5000  -22.5000 2510.9463    8.9452
    7.5000   22.5000  -22.5000 2497.3411    9.0151
   -7.5000   30.0000  -22.5000 2385.8625    9.9239
    0.0000   30.0000  -22.5000 2411.4360    9.8064
    7.5000   30.0000  -22.5000 2394.2075    9.8578
   -7.5000  -60.0000  -15.0000 2582.6846    8.5478
    0.0000  -60.0000  -15.0000 2603.5020    8.4858
    7.5000  -60.0000  -15.0000 2592.1252    8.5401
   -7.5000  -52.5000  -15.0000 2670.9241    7.9173
    0.0000  -52.5000  -15.0000 2691.3308    7.8488
    7.5000  -52.5000  -15.0000 2681.5417    7.9051
   -7.5000  -45.0000  -15.0000 2728.9023    7.4734
    0.0000  -45.0000  -15.0000 2746.5764    7.3953
    7.5000  -45.0000  -15.0000 2738.8611    7.4471
   -7.5000  -37.5000  -15.0000 2770.6250    7.1618
    0.0000  -37.5000  -15.0000 2790.5461    7.0790
    7.5000  -37.5000  -15.0000 2780.1052    7.1289
   -7.5000  -30.0000  -15.0000 2793.3931    6.9323
    0.0000  -30.0000  -15.0000 2818.0862    6.8393
    7.5000  -30.0000  -15.0000 2805.3398    6.8837
   -7.5000  -22.5000  -15.0000 2809.7290    6.8015
    0.0000  -22.5000  -15.0000 2831.7039    6.6853
    7.5000  -22.5000  -15.0000 2818.9604    6.7367
   -7.5000  -15.0000  -15.0000 2812.6113    6.8185
    0.0000  -15.0000  -15.0000 2835.2188    6.6927
    7.5000  -15.0000  -15.0000 2821.3750    6.7531
   -7.5000   -7.5000  -15.0000 2804.1294    6.9268
    0.0000   -7.5000  -15.0000 2828.4380    6.8010
    7.5000   -7.5000  -15.0000 2814.3484    6.8595
   -7.5000    0.0000  -15.0000 2779.0330    7.1387
    0.0000    0.0000  -15.0000 2803.6018    7.0116
    7.5000    0.0000  -15.0000 2790.6184    7.0661
   -7.5000    7.5000  -15.0000 2733.8394    7.4751
    0.0000    7.5000  -15.0000 2756.6521    7.3486
    7.5000    7.5000  -15.0000 2744.9753    7.4059
   -7.5000   15.0000  -15.0000 2661.5850    7.9598
    0.0000   15.0000  -15.0000 2685.1951    7.8323
    7.5000   15.0000  -15.0000 2671.7222    7.8965
   -7.5000   22.5000  -15.0000 2572.9006    8.6108
    0.0000   22.5000  -15.0000 2593.7747    8.4820
    7.5000   22.5000  -15.0000 2580.5332    8.5525
   -7.5000   30.0000  -15.0000 2462.6826    9.4319
    0.0000   30.0000  -15.0000 2485.9236    9.2975
    7.5000   30.0000  -15.0000 2472.8289    9.3669
   -7.5000  -60.0000   -7.5000 2613.4033    8.1378
    0.0000  -60.0000   -7.5000 2632.9863    8.0911
    7.5000  -60.0000   -7.5000 2628.0496    8.1286
   -7.5000  -52.5000   -7.5000 2707.9822    7.5215
    0.0000  -52.5000   -7.5000 2726.6841    7.4636
    7.5000  -52.5000   -7.5000 2721.0378    7.5003
   -7.5000  -45.0000   -7.5000 2775.9084    7.0860
    0.0000  -45.0000   -7.5000 2796.8254    7.0191
    7.5000  -45.0000   -7.5000 2789.9702    7.0555
   -7.5000  -37.5000   -7.5000 2819.7454    6.7835
    0.0000  -37.5000   -7.5000 2841.4133    6.7067
    7.5000  -37.5000   -7.5000 2831.3918    6.7471
   -7.5000  -30.0000   -7.5000 2854.8752    6.5514
    0.0000  -30.0000   -7.5000 2877.7412    6.4534
    7.5000  -30.0000   -7.5000 2864.6218    6.5017
   -7.5000  -22.5000   -7.5000 2880.6221    6.4298
    0.0000  -22.5000   -7.5000 2903.7617    6.3135
    7.5000  -22.5000   -7.5000 2889.4075    6.3620
   -7.5000  -15.0000   -7.5000 2889.7686    6.4418
    0.0000  -15.0000   -7.5000 2915.9165    6.3104
    7.5000  -15.0000   -7.5000 2900.8816    6.3740
   -7.5000   -7.5000   -7.5000 2884.4688    6.5335
    0.0000   -7.5000   -7.5000 2913.4946    6.4096
    7.5000   -7.5000   -7.5000 2895.4270    6.4702
   -7.5000    0.0000   -7.5000 2853.2891    6.7500
    0.0000    0.0000   -7.5000 2880.5212    6.6199
    7.5000    0.0000   -7.5000 2866.5542    6.6796
   -7.5000    7.5000   -7.5000 2804.5632    7.0797
    0.0000    7.5000   -7.5000 2830.1572    6.9575
    7.5000    7.5000   -7.5000 2817.7000    7.0182
   -7.5000   15.0000   -7.5000 2730.9768    7.5680
    0.0000   15.0000   -7.5000 2753.2642    7.4424
    7.5000   15.0000   -7.5000 2741.5874    7.5133
   -7.5000   22.5000   -7.5000 2636.1567    8.1997
    0.0000   22.5000   -7.5000 2659.3477    8.0740
    7.5000   22.5000   -7.5000 2646.4746    8.1463
   -7.5000   30.0000   -7.5000 2520.3442    9.0029
    0.0000   30.0000   -7.5000 2538.7419    8.8704
    7.5000   30.0000   -7.5000 2528.8579    8.9382
   -7.5000  -60.0000    0.0000 2630.8594    7.8568
    0.0000  -60.0000    0.0000 2653.6213    7.7858
    7.5000  -60.0000    0.0000 2650.1797    7.8245
   -7.5000  -52.5000    0.0000 2733.2808    7.2247
    0.0000  -52.5000    0.0000 2754.8228    7.1626
    7.5000  -52.5000    0.0000 2750.0034    7.1892
   -7.5000  -45.0000    0.0000 2809.1987    6.7861
    0.0000  -45.0000    0.0000 2830.0652    6.7282
    7.5000  -45.0000    0.0000 2824.3411    6.7521
   -7.5000  -37.5000    0.0000 2858.9258    6.4791
    0.0000  -37.5000    0.0000 2875.5522    6.4183
    7.5000  -37.5000    0.0000 2870.0767    6.4427
   -7.5000  -30.0000    0.0000 2900.2883    6.2589
    0.0000  -30.0000    0.0000 2920.5105    6.1802
    7.5000  -30.0000    0.0000 2907.5535    6.2146
   -7.5000  -22.5000    0.0000 2933.8027    6.1562
    0.0000  -22.5000    0.0000 2956.6477    6.0559
    7.5000  -22.5000    0.0000 2942.2700    6.1032
   -7.5000  -15.0000    0.0000 2949.1917    6.1536
    0.0000  -15.0000    0.0000 2980.0317    6.0384
    7.5000  -15.0000    0.0000 2964.3279    6.1010
   -7.5000   -7.5000    0.0000 2943.2075    6.2303
    0.0000   -7.5000    0.0000 2977.1575    6.1036
    7.5000   -7.5000    0.0000 2953.6792    6.1805
   -7.5000    0.0000    0.0000 2911.2112    6.4512
    0.0000    0.0000    0.0000 2938.1721    6.3277
    7.5000    0.0000    0.0000 2921.2344    6.3949
   -7.5000    7.5000    0.0000 2858.5854    6.8007
    0.0000    7.5000    0.0000 2886.3765    6.6824
    7.5000    7.5000    0.0000 2874.0205    6.7459
   -7.5000   15.0000    0.0000 2781.1169    7.2849
    0.0000   15.0000    0.0000 2806.5908    7.1552
    7.5000   15.0000    0.0000 2795.2927    7.2190
   -7.5000   22.5000    0.0000 2682.9951    7.9116
    0.0000   22.5000    0.0000 2711.2290    7.7718
    7.5000   22.5000    0.0000 2696.0417    7.8378
   -7.5000   30.0000    0.0000 2559.2170    8.7005
    0.0000   30.0000    0.0000 2580.2588    8.5505
    7.5000   30.0000    0.0000 2569.1089    8.6223
   -7.5000  -60.0000    7.5000 2638.6519    7.6247
    0.0000  -60.0000    7.5000 2661.1084    7.5874
    7.5000  -60.0000    7.5000 2656.4827    7.5945
   -7.5000  -52.5000    7.5000 2742.8250    6.9950
    0.0000  -52.5000    7.5000 2762.7622    6.9601
    7.5000  -52.5000    7.5000 2758.1597    6.9691
   -7.5000  -45.0000    7.5000 2825.2581    6.5599
    0.0000  -45.0000    7.5000 2845.9685    6.5211
    7.5000  -45.0000    7.5000 2838.1079    6.5315
   -7.5000  -37.5000    7.5000 2886.6133    6.2749
    0.0000  -37.5000    7.5000 2907.6248    6.2360
    7.5000  -37.5000    7.5000 2899.6123    6.2387
   -7.5000  -30.0000    7.5000 2938.1980    6.0802
    0.0000  -30.0000    7.5000 2961.4629    6.0403
    7.5000  -30.0000    7.5000 2946.5828    6.0399
   -7.5000  -22.5000    7.5000 2981.2014    5.9931
    0.0000  -22.5000    7.5000 3013.8662    5.9618
    7.5000  -22.5000    7.5000 2993.5046    5.9467
   -7.5000  -15.0000    7.5000 2994.8064    5.9882
    0.0000  -15.0000    7.5000 3044.9763    5.9673
    7.5000  -15.0000    7.5000 3013.9497    5.9473
   -7.5000   -7.5000    7.5000 2986.5439    6.0175
    0.0000   -7.5000    7.5000 3031.8462    5.9579
    7.5000   -7.5000    7.5000 2995.3601    5.9841
   -7.5000    0.0000    7.5000 2950.7942    6.2231
    0.0000    0.0000    7.5000 2982.5996    6.1526
    7.5000    0.0000    7.5000 2958.7104    6.1769
   -7.5000    7.5000    7.5000 2894.0518    6.5904
    0.0000    7.5000    7.5000 2928.1799    6.5047
    7.5000    7.5000    7.5000 2909.5991    6.5227
   -7.5000   15.0000    7.5000 2810.7195    7.0770
    0.0000   15.0000    7.5000 2845.8193    6.9818
    7.5000   15.0000    7.5000 2827.9629    7.0020
   -7.5000   22.5000    7.5000 2707.7883    7.6938
    0.0000   22.5000    7.5000 2739.8662    7.5954
    7.5000   22.5000    7.5000 2721.7617    7.6227
   -7.5000   30.0000    7.5000 2580.9648    8.4769
    0.0000   30.0000    7.5000 2604.5767    8.3703
    7.5000   30.0000    7.5000 2591.6636    8.3961
   -7.5000  -60.0000   15.0000 2646.9766    7.5229
    0.0000  -60.0000   15.0000 2659.5295    7.4734
    7.5000  -60.0000   15.0000 2657.9438    7.4957
   -7.5000  -52.5000   15.0000 2751.0796    6.9097
    0.0000  -52.5000   15.0000 2759.4287    6.8750
    7.5000  -52.5000   15.0000 2762.1838    6.8849
   -7.5000  -45.0000   15.0000 2829.5959    6.4813
    0.0000  -45.0000   15.0000 2850.9390    6.4706
    7.5000  -45.0000   15.0000 2844.9290    6.4585
   -7.5000  -37.5000   15.0000 2899.0024    6.2015
    0.0000  -37.5000   15.0000 2929.8640    6.2078
    7.5000  -37.5000   15.0000 2915.0754    6.1793
   -7.5000  -30.0000   15.0000 2958.4397    6.0084
    0.0000  -30.0000   15.0000 3000.3391    6.0242
    7.5000  -30.0000   15.0000 2973.1543    5.9836
   -7.5000  -22.5000   15.0000 3013.4922    5.9354
    0.0000  -22.5000   15.0000 3079.8618    5.9822
    7.5000  -22.5000   15.0000 3034.7686    5.9077
   -7.5000  -15.0000   15.0000 3022.4990    5.9541
    0.0000  -15.0000   15.0000 3096.1055    6.0679
    7.5000  -15.0000   15.0000 3053.6831    5.9227
   -7.5000   -7.5000   15.0000 3005.8589    5.9333
    0.0000   -7.5000   15.0000 3060.1326    5.9462
    7.5000   -7.5000   15.0000 3024.6008    5.9005
   -7.5000    0.0000   15.0000 2970.7312    6.1125
    0.0000    0.0000   15.0000 3006.3518    6.0383
    7.5000    0.0000   15.0000 2977.8093    6.0625
   -7.5000    7.5000   15.0000 2909.2732    6.4805
    0.0000    7.5000   15.0000 2944.2915    6.3808
    7.5000    7.5000   15.0000 2921.2034    6.4157
   -7.5000   15.0000   15.0000 2821.1663    6.9856
    0.0000   15.0000   15.0000 2855.2588    6.8777
    7.5000   15.0000   15.0000 2835.6743    6.9162
   -7.5000   22.5000   15.0000 2715.4973    7.6126
    0.0000   22.5000   15.0000 2741.0652    7.4985
    7.5000   22.5000   15.0000 2727.1084    7.5431
   -7.5000   30.0000   15.0000 2586.4116    8.3910
    0.0000   30.0000   15.0000 2607.3845    8.2709
    7.5000   30.0000   15.0000 2597.6091    8.3173
   -7.5000  -60.0000   22.5000 2650.8867    7.5246
    0.0000  -60.0000   22.5000 2668.0784    7.5185
    7.5000  -60.0000   22.5000 2659.6174    7.5218
   -7.5000  -52.5000   22.5000 2753.2908    6.9271
    0.0000  -52.5000   22.5000 2768.5864    6.9334
    7.5000  -52.5000   22.5000 2760.9863    6.9219
   -7.5000  -45.0000   22.5000 2835.7295    6.5006
    0.0000  -45.0000   22.5000 2861.0750    6.5242
    7.5000  -45.0000   22.5000 2849.6787    6.5036
   -7.5000  -37.5000   22.5000 2907.9373    6.2299
    0.0000  -37.5000   22.5000 2934.6138    6.2520
    7.5000  -37.5000   22.5000 2920.2190    6.2254
   -7.5000  -30.0000   22.5000 2964.5220    6.0493
    0.0000  -30.0000   22.5000 3007.7725    6.0532
    7.5000  -30.0000   22.5000 2980.4226    6.0380
   -7.5000  -22.5000   22.5000 3018.6587    5.9675
    0.0000  -22.5000   22.5000 3094.8315    5.9894
    7.5000  -22.5000   22.5000 3044.7070    5.9548
   -7.5000  -15.0000   22.5000 3021.8438    5.9601
    0.0000  -15.0000   22.5000 3094.2356    5.9899
    7.5000  -15.0000   22.5000 3050.7107    5.9402
   -7.5000   -7.5000   22.5000 2999.5449    6.0176
    0.0000   -7.5000   22.5000 3046.7573    5.9540
    7.5000   -7.5000   22.5000 3019.4639    5.9629
   -7.5000    0.0000   22.5000 2963.4631    6.2110
    0.0000    0.0000   22.5000 2999.2278    6.1174
    7.5000    0.0000   22.5000 2978.2878    6.1479
   -7.5000    7.5000   22.5000 2901.3423    6.5369
    0.0000    7.5000   22.5000 2936.3091    6.4437
    7.5000    7.5000   22.5000 2915.9751    6.4772
   -7.5000   15.0000   22.5000 2812.8242    7.0037
    0.0000   15.0000   22.5000 2842.4844    6.9106
    7.5000   15.0000   22.5000 2825.7075    6.9416
   -7.5000   22.5000   22.5000 2704.3967    7.6213
    0.0000   22.5000   22.5000 2722.1648    7.5115
    7.5000   22.5000   22.5000 2713.0105    7.5455
   -7.5000   30.0000   22.5000 2576.9521    8.3925
    0.0000   30.0000   22.5000 2595.0403    8.2615
    7.5000   30.0000   22.5000 2586.1663    8.3057
   -7.5000  -60.0000   30.0000 2649.0728    7.6562
    0.0000  -60.0000   30.0000 2663.1738    7.6024
    7.5000  -60.0000   30.0000 2657.2676    7.6298
   -7.5000  -52.5000   30.0000 2752.1040    7.0384
    0.0000  -52.5000   30.0000 2764.8335    6.9966
    7.5000  -52.5000   30.0000 2761.5364    7.0190
   -7.5000  -45.0000   30.0000 2836.4504    6.6120
    0.0000  -45.0000   30.0000 2852.7681    6.5642
    7.5000  -45.0000   30.0000 2846.3616    6.5894
   -7.5000  -37.5000   30.0000 2899.3398    6.3350
    0.0000  -37.5000   30.0000 2920.5837    6.2845
    7.5000  -37.5000   30.0000 2912.7009    6.3007
   -7.5000  -30.0000   30.0000 2953.9221    6.1361
    0.0000  -30.0000   30.0000 2988.7383    6.1002
    7.5000  -30.0000   30.0000 2969.0361    6.1047
   -7.5000  -22.5000   30.0000 2996.0325    6.0446
    0.0000  -22.5000   30.0000 3044.9116    6.0273
    7.5000  -22.5000   30.0000 3017.4353    6.0230
   -7.5000  -15.0000   30.0000 2995.4858    6.0567
    0.0000  -15.0000   30.0000 3041.5974    5.9914
    7.5000  -15.0000   30.0000 3015.0078    6.0196
   -7.5000   -7.5000   30.0000 2979.6248    6.1541
    0.0000   -7.5000   30.0000 3015.0115    6.0506
    7.5000   -7.5000   30.0000 2992.3772    6.1020
   -7.5000    0.0000   30.0000 2937.1704    6.3854
    0.0000    0.0000   30.0000 2971.3755    6.2770
    7.5000    0.0000   30.0000 2953.7715    6.3178
   -7.5000    7.5000   30.0000 2869.3462    6.7243
    0.0000    7.5000   30.0000 2900.7834    6.6118
    7.5000    7.5000   30.0000 2887.2441    6.6502
   -7.5000   15.0000   30.0000 2783.3391    7.1686
    0.0000   15.0000   30.0000 2806.5557    7.0589
    7.5000   15.0000   30.0000 2795.6985    7.1027
   -7.5000   22.5000   30.0000 2677.1475    7.7510
    0.0000   22.5000   30.0000 2693.5483    7.6379
    7.5000   22.5000   30.0000 2684.2590    7.6787
   -7.5000   30.0000   30.0000 2548.8359    8.4964
    0.0000   30.0000   30.0000 2570.0002    8.3722
    7.5000   30.0000   30.0000 2560.8035    8.4216
   -7.5000  -60.0000   37.5000 2639.2234    7.8341
    0.0000  -60.0000   37.5000 2649.0186    7.7079
    7.5000  -60.0000   37.5000 2646.2314    7.7792
   -7.5000  -52.5000   37.5000 2740.5005    7.2026
    0.0000  -52.5000   37.5000 2750.5881    7.0991
    7.5000  -52.5000   37.5000 2750.2302    7.1523
   -7.5000  -45.0000   37.5000 2822.8567    6.7814
    0.0000  -45.0000   37.5000 2835.5911    6.6826
    7.5000  -45.0000   37.5000 2832.5251    6.7267
   -7.5000  -37.5000   37.5000 2882.7249    6.5041
    0.0000  -37.5000   37.5000 2902.6321    6.4270
    7.5000  -37.5000   37.5000 2895.2209    6.4615
   -7.5000  -30.0000   37.5000 2928.8823    6.3181
    0.0000  -30.0000   37.5000 2957.5959    6.2650
    7.5000  -30.0000   37.5000 2939.3020    6.2859
   -7.5000  -22.5000   37.5000 2952.6931    6.2398
    0.0000  -22.5000   37.5000 2988.4097    6.1839
    7.5000  -22.5000   37.5000 2969.6689    6.1995
   -7.5000  -15.0000   37.5000 2949.8840    6.2752
    0.0000  -15.0000   37.5000 2988.5918    6.1815
    7.5000  -15.0000   37.5000 2967.4827    6.2177
   -7.5000   -7.5000   37.5000 2932.0811    6.3884
    0.0000   -7.5000   37.5000 2963.7183    6.2946
    7.5000   -7.5000   37.5000 2945.6311    6.3376
   -7.5000    0.0000   37.5000 2888.8010    6.6199
    0.0000    0.0000   37.5000 2920.3457    6.5283
    7.5000    0.0000   37.5000 2905.1299    6.5599
   -7.5000    7.5000   37.5000 2822.9612    6.9548
    0.0000    7.5000   37.5000 2849.7590    6.8594
    7.5000    7.5000   37.5000 2836.2903    6.8874
   -7.5000   15.0000   37.5000 2738.5247    7.3926
    0.0000   15.0000   37.5000 2756.7158    7.2776
    7.5000   15.0000   37.5000 2747.8823    7.3211
   -7.5000   22.5000   37.5000 2632.8079    7.9813
    0.0000   22.5000   37.5000 2651.2073    7.8620
    7.5000   22.5000   37.5000 2640.8523    7.9014
   -7.5000   30.0000   37.5000 2507.7605    8.7361
    0.0000   30.0000   37.5000 2528.8269    8.5971
    7.5000   30.0000   37.5000 2521.2515    8.6426
   -7.5000  -60.0000   45.0000 2615.7722    8.1015
    0.0000  -60.0000   45.0000 2622.5420    7.9201
    7.5000  -60.0000   45.0000 2623.2190    8.0223
   -7.5000  -52.5000   45.0000 2716.1475    7.4524
    0.0000  -52.5000   45.0000 2729.3369    7.3066
    7.5000  -52.5000   45.0000 2725.3462    7.3850
   -7.5000  -45.0000   45.0000 2797.4885    7.0276
    0.0000  -45.0000   45.0000 2814.9812    6.9055
    7.5000  -45.0000   45.0000 2808.7053    6.9651
   -7.5000  -37.5000   45.0000 2854.0049    6.7759
    0.0000  -37.5000   45.0000 2875.8115    6.6681
    7.5000  -37.5000   45.0000 2864.7742    6.7176
   -7.5000  -30.0000   45.0000 2887.4133    6.5960
    0.0000  -30.0000   45.0000 2911.9070    6.4966
    7.5000  -30.0000   45.0000 2898.9805    6.5394
   -7.5000  -22.5000   45.0000 2900.8323    6.5382
    0.0000  -22.5000   45.0000 2933.4421    6.4320
    7.5000  -22.5000   45.0000 2916.8430    6.4675
   -7.5000  -15.0000   45.0000 2890.3047    6.5835
    0.0000  -15.0000   45.0000 2927.1077    6.4821
    7.5000  -15.0000   45.0000 2908.4338    6.5208
   -7.5000   -7.5000   45.0000 2869.7607    6.7204
    0.0000   -7.5000   45.0000 2896.8425    6.6198
    7.5000   -7.5000   45.0000 2881.8352    6.6545
   -7.5000    0.0000   45.0000 2824.1614    6.9468
    0.0000    0.0000   45.0000 2852.8894    6.8521
    7.5000    0.0000   45.0000 2841.6626    6.8795
   -7.5000    7.5000   45.0000 2763.3665    7.2680
    0.0000    7.5000   45.0000 2783.6858    7.1780
    7.5000    7.5000   45.0000 2775.8940    7.1991
   -7.5000   15.0000   45.0000 2677.7717    7.7049
    0.0000   15.0000   45.0000 2695.5422    7.5898
    7.5000   15.0000   45.0000 2688.1970    7.6203
   -7.5000   22.5000   45.0000 2575.1025    8.2842
    0.0000   22.5000   45.0000 2594.9963    8.1579
    7.5000   22.5000   45.0000 2586.1160    8.1975
   -7.5000   30.0000   45.0000 2448.5891    9.0474
    0.0000   30.0000   45.0000 2467.5088    8.9161
    7.5000   30.0000   45.0000 2464.2432    8.9582
   -7.5000  -60.0000   52.5000 2577.3870    8.4671
    0.0000  -60.0000   52.5000 2584.0642    8.2466
    7.5000  -60.0000   52.5000 2583.5525    8.3781
   -7.5000  -52.5000   52.5000 2678.0151    7.7981
    0.0000  -52.5000   52.5000 2693.4417    7.6099
    7.5000  -52.5000   52.5000 2691.4238    7.7147
   -7.5000  -45.0000   52.5000 2754.6104    7.3614
    0.0000  -45.0000   52.5000 2775.5671    7.2117
    7.5000  -45.0000   52.5000 2767.9863    7.2926
   -7.5000  -37.5000   52.5000 2806.1147    7.1110
    0.0000  -37.5000   52.5000 2831.3625    6.9755
    7.5000  -37.5000   52.5000 2818.9084    7.0470
   -7.5000  -30.0000   52.5000 2831.6335    6.9516
    0.0000  -30.0000   52.5000 2860.9263    6.8193
    7.5000  -30.0000   52.5000 2847.9775    6.8772
   -7.5000  -22.5000   52.5000 2840.7249    6.8957
    0.0000  -22.5000   52.5000 2873.0005    6.7588
    7.5000  -22.5000   52.5000 2856.7366    6.8144
   -7.5000  -15.0000   52.5000 2824.6201    6.9670
    0.0000  -15.0000   52.5000 2854.9336    6.8460
    7.5000  -15.0000   52.5000 2836.8845    6.9024
   -7.5000   -7.5000   52.5000 2796.4265    7.1242
    0.0000   -7.5000   52.5000 2820.5024    6.9983
    7.5000   -7.5000   52.5000 2807.8728    7.0527
   -7.5000    0.0000   52.5000 2749.3879    7.3437
    0.0000    0.0000   52.5000 2776.0706    7.2253
    7.5000    0.0000   52.5000 2766.4050    7.2667
   -7.5000    7.5000   52.5000 2690.3450    7.6529
    0.0000    7.5000   52.5000 2707.8711    7.5531
    7.5000    7.5000   52.5000 2701.8069    7.5848
   -7.5000   15.0000   52.5000 2606.7725    8.0878
    0.0000   15.0000   52.5000 2626.4053    7.9771
    7.5000   15.0000   52.5000 2618.3198    8.0096
   -7.5000   22.5000   52.5000 2504.8638    8.6649
    0.0000   22.5000   52.5000 2528.4524    8.5376
    7.5000   22.5000   52.5000 2516.9863    8.5830
   -7.5000   30.0000   52.5000 2379.6223    9.4393
    0.0000   30.0000   52.5000 2402.4265    9.3175
    7.5000   30.0000   52.5000 2394.1138    9.3575
   -7.5000  -60.0000   60.0000 2499.8494    8.8621
    0.0000  -60.0000   60.0000 2518.5068    8.6599
    7.5000  -60.0000   60.0000 2513.2585    8.7803
   -7.5000  -52.5000   60.0000 2598.8977    8.1732
    0.0000  -52.5000   60.0000 2619.9514    7.9953
    7.5000  -52.5000   60.0000 2614.8569    8.0932
   -7.5000  -45.0000   60.0000 2673.4280    7.7347
    0.0000  -45.0000   60.0000 2698.4153    7.5855
    7.5000  -45.0000   60.0000 2690.5142    7.6648
   -7.5000  -37.5000   60.0000 2715.0471    7.4942
    0.0000  -37.5000   60.0000 2743.8391    7.3539
    7.5000  -37.5000   60.0000 2733.2439    7.4278
   -7.5000  -30.0000   60.0000 2734.1611    7.3463
    0.0000  -30.0000   60.0000 2762.5581    7.2014
    7.5000  -30.0000   60.0000 2752.4585    7.2663
   -7.5000  -22.5000   60.0000 2742.2283    7.2866
    0.0000  -22.5000   60.0000 2772.8611    7.1401
    7.5000  -22.5000   60.0000 2757.9067    7.2086
   -7.5000  -15.0000   60.0000 2728.4741    7.3613
    0.0000  -15.0000   60.0000 2758.6191    7.2296
    7.5000  -15.0000   60.0000 2743.0039    7.2955
   -7.5000   -7.5000   60.0000 2694.3994    7.5443
    0.0000   -7.5000   60.0000 2722.1348    7.4041
    7.5000   -7.5000   60.0000 2709.1184    7.4667
   -7.5000    0.0000   60.0000 2649.9170    7.7640
    0.0000    0.0000   60.0000 2672.0872    7.6302
    7.5000    0.0000   60.0000 2665.0239    7.6833
   -7.5000    7.5000   60.0000 2587.9958    8.0873
    0.0000    7.5000   60.0000 2607.9053    7.9576
    7.5000    7.5000   60.0000 2601.6160    8.0001
   -7.5000   15.0000   60.0000 2504.8674    8.5197
    0.0000   15.0000   60.0000 2527.5183    8.4068
    7.5000   15.0000   60.0000 2518.7100    8.4318
   -7.5000   22.5000   60.0000 2405.7524    9.1003
    0.0000   22.5000   60.0000 2430.4832    8.9760
    7.5000   22.5000   60.0000 2421.5591    9.0093
   -7.5000   30.0000   60.0000 2283.3792    9.8848
    0.0000   30.0000   60.0000 2305.9314    9.7558
    7.5000   30.0000   60.0000 2298.4180    9.7924

---------------------------------------------------------------------
imgreg_4dfp /usr/local/freesurfer/5.1/average/711-2C_as_mni_average_305 /usr/local/freesurfer/5.1/average/711-2B_as_mni_average_305_mask talsrcimg_g11 none talsrcimg_to_711-2C_as_mni_average_305_t4 1283
---------------------------------------------------------------------

$Id: imgreg_4dfp.c,v 1.4 2010/02/27 01:41:53 nicks Exp $
/usr/local/freesurfer/5.1/average/711-2C_as_mni_average_305.4dfp.img
       256       256       256         1
  1.000000  1.000000  1.000000
orientation T byte_order littleendian
Reading image: /usr/local/freesurfer/5.1/average/711-2C_as_mni_average_305.4dfp.img
dimensions:      256       256       256
mmppix:       1.0000   -1.0000   -1.0000
center:     128.0000 -129.0000 -129.0000
/usr/local/freesurfer/5.1/average/711-2B_as_mni_average_305_mask.4dfp.img
       256       256       256         1
  1.000000  1.000000  1.000000
orientation T byte_order littleendian
Reading mask: /usr/local/freesurfer/5.1/average/711-2B_as_mni_average_305_mask.4dfp.img (2306576 pixels)
talsrcimg_g11.4dfp.img
       256       256       256         1
  1.000000  1.000000  1.000000
orientation T byte_order littleendian
Reading image: talsrcimg_g11.4dfp.img
dimensions:      256       256       256
mmppix:       1.0000   -1.0000   -1.0000
center:     128.0000 -129.0000 -129.0000
rotation matrix determinant  1.000000
$Id: fimgreg.f,v 1.1 2007/05/04 22:33:59 nicks Exp $
image alignment mode   1283 decimal      503 hex
parameters
    0.0000  -15.0000   15.0000    0.0000    0.0000    0.0000
eta,q 0.97055  6.06753
niter,ni,del,rscale     5    3   12.0000    1.2000
parameter  3 -0.611072 -> -0.500000 qaram    1.1500
parameters
    1.1344  -16.9478   18.4500   -0.4713    0.1444   -0.0003
eta,q 0.97461  6.07035
  0.0460  0.0309  0.0439  0.0284  0.0341  0.0310
  0.0387  0.0282  0.0369  0.0273  0.0300  0.0282
  0.0328  0.0280  0.0316  0.0261  0.0269  0.0261
  0.0294  0.0290  0.0280  0.0254  0.0254  0.0254
  0.0295  0.0304  0.0260  0.0258  0.0263  0.0260
  0.0320  0.0337  0.0255  0.0277  0.0293  0.0280
  0.0374  0.0384  0.0264  0.0300  0.0335  0.0312
niter,ni,del,rscale     5    3   12.0000    1.2000
parameters
    1.1031  -17.5553   18.6718    0.3018    0.1609   -0.0106
eta,q 0.97533  6.06617
  0.0401  0.0321  0.0352  0.0297  0.0337  0.0309
  0.0325  0.0272  0.0296  0.0285  0.0294  0.0277
  0.0268  0.0249  0.0263  0.0267  0.0261  0.0254
  0.0254  0.0254  0.0250  0.0250  0.0247  0.0247
  0.0271  0.0273  0.0257  0.0248  0.0258  0.0254
  0.0326  0.0301  0.0288  0.0263  0.0292  0.0276
  0.0405  0.0345  0.0340  0.0286  0.0338  0.0309
niter,ni,del,rscale     4    3   12.0000    1.2000
parameters
    1.0793  -17.8974   18.9337    0.7675    0.1885   -0.0322
eta,q 0.97563  6.06265
  0.0404  0.0335  0.0347  0.0299  0.0337  0.0308
  0.0324  0.0277  0.0291  0.0284  0.0292  0.0274
  0.0262  0.0246  0.0258  0.0260  0.0258  0.0251
  0.0247  0.0247  0.0245  0.0245  0.0244  0.0244
  0.0266  0.0270  0.0252  0.0249  0.0255  0.0252
  0.0324  0.0302  0.0281  0.0268  0.0289  0.0275
  0.0407  0.0343  0.0333  0.0291  0.0337  0.0309
niter,ni,del,rscale     3    3   12.0000    1.2000
parameters
    1.0543  -18.1014   19.0684    1.0189    0.2175   -0.0447
eta,q 0.97578  6.06026
  0.0406  0.0345  0.0339  0.0300  0.0336  0.0308
  0.0323  0.0282  0.0286  0.0281  0.0291  0.0274
  0.0260  0.0246  0.0254  0.0255  0.0257  0.0249
  0.0244  0.0244  0.0242  0.0242  0.0242  0.0242
  0.0264  0.0268  0.0250  0.0251  0.0253  0.0251
  0.0323  0.0304  0.0280  0.0271  0.0288  0.0274
  0.0408  0.0344  0.0333  0.0294  0.0336  0.0308
niter,ni,del,rscale     2    3   12.0000    1.2000
parameters
    1.0374  -18.2150   19.1459    1.1715    0.2404   -0.0565
eta,q 0.97583  6.05902
  0.0407  0.0351  0.0336  0.0300  0.0335  0.0308
  0.0322  0.0286  0.0283  0.0279  0.0290  0.0274
  0.0258  0.0247  0.0252  0.0253  0.0256  0.0249
  0.0242  0.0242  0.0242  0.0242  0.0242  0.0242
  0.0263  0.0266  0.0249  0.0252  0.0253  0.0250
  0.0323  0.0304  0.0280  0.0272  0.0287  0.0274
  0.0408  0.0345  0.0333  0.0296  0.0336  0.0308
niter,ni,del,rscale     1    3   12.0000    1.2000
parameters
    1.0266  -18.2796   19.1878    1.2474    0.2537   -0.0648
eta,q 0.97586  6.05834
  0.0407  0.0354  0.0334  0.0300  0.0334  0.0308
  0.0322  0.0288  0.0282  0.0277  0.0289  0.0274
  0.0258  0.0248  0.0252  0.0251  0.0256  0.0249
  0.0242  0.0242  0.0241  0.0241  0.0241  0.0241
  0.0262  0.0264  0.0249  0.0253  0.0253  0.0250
  0.0322  0.0303  0.0280  0.0273  0.0287  0.0274
  0.0408  0.0346  0.0333  0.0298  0.0336  0.0308
registration optimization eta report
parameter search radius
    6.0000    6.0000    6.9000    6.0000    6.0000    6.0000
100000*second partial in parameter space
       46.       30.       19.       15.       26.       18.
  0.0407  0.0354  0.0334  0.0300  0.0334  0.0308
  0.0322  0.0288  0.0282  0.0277  0.0289  0.0274
  0.0258  0.0248  0.0252  0.0251  0.0256  0.0249
  0.0242  0.0242  0.0241  0.0241  0.0241  0.0241
  0.0262  0.0264  0.0249  0.0253  0.0253  0.0250
  0.0322  0.0303  0.0280  0.0273  0.0287  0.0274
  0.0408  0.0346  0.0333  0.0298  0.0336  0.0308
    1.0266  -18.2796   19.1878    1.2474    0.2537   -0.0648
eta,q 0.97586  6.05834

---------------------------------------------------------------------
imgreg_4dfp /usr/local/freesurfer/5.1/average/711-2C_as_mni_average_305 /usr/local/freesurfer/5.1/average/711-2B_as_mni_average_305_mask talsrcimg_g11 none talsrcimg_to_711-2C_as_mni_average_305_t4 3335
---------------------------------------------------------------------

$Id: imgreg_4dfp.c,v 1.4 2010/02/27 01:41:53 nicks Exp $
/usr/local/freesurfer/5.1/average/711-2C_as_mni_average_305.4dfp.img
       256       256       256         1
  1.000000  1.000000  1.000000
orientation T byte_order littleendian
Reading image: /usr/local/freesurfer/5.1/average/711-2C_as_mni_average_305.4dfp.img
dimensions:      256       256       256
mmppix:       1.0000   -1.0000   -1.0000
center:     128.0000 -129.0000 -129.0000
/usr/local/freesurfer/5.1/average/711-2B_as_mni_average_305_mask.4dfp.img
       256       256       256         1
  1.000000  1.000000  1.000000
orientation T byte_order littleendian
Reading mask: /usr/local/freesurfer/5.1/average/711-2B_as_mni_average_305_mask.4dfp.img (2306576 pixels)
talsrcimg_g11.4dfp.img
       256       256       256         1
  1.000000  1.000000  1.000000
orientation T byte_order littleendian
Reading image: talsrcimg_g11.4dfp.img
dimensions:      256       256       256
mmppix:       1.0000   -1.0000   -1.0000
center:     128.0000 -129.0000 -129.0000
$Id: fimgreg.f,v 1.1 2007/05/04 22:33:59 nicks Exp $
image alignment mode   3335 decimal      D07 hex
parameters
    1.0266  -18.2796   19.1878   -0.0010   -0.0238   -0.0247
    0.1034   -0.4452   -0.1131   -2.1765    0.4429    2.1770
eta,q 0.97658  6.04161
niter,ni,del,rscale     5    3    5.0000    1.2000
parameter  5 -0.756480 -> -0.500000 qaram    1.1500
parameters
    1.0984  -19.0926   19.9866    3.5566    4.1162    1.9902
    1.0613   -0.1836   -0.3090   -3.2271    0.6690   -0.0650
eta,q 0.98037  6.26067
  0.0263  0.0240  0.0253  0.0273  0.0261  0.0251  0.0239  0.0257  0.0219  0.0221  0.0218  0.0204
  0.0247  0.0233  0.0243  0.0257  0.0246  0.0234  0.0220  0.0227  0.0207  0.0208  0.0207  0.0199
  0.0238  0.0232  0.0236  0.0243  0.0232  0.0218  0.0206  0.0206  0.0200  0.0200  0.0200  0.0196
  0.0234  0.0234  0.0232  0.0230  0.0219  0.0206  0.0199  0.0198  0.0198  0.0198  0.0198  0.0198
  0.0237  0.0240  0.0230  0.0221  0.0209  0.0198  0.0200  0.0203  0.0201  0.0206  0.0199  0.0203
  0.0245  0.0250  0.0231  0.0220  0.0206  0.0202  0.0208  0.0221  0.0209  0.0220  0.0205  0.0212
  0.0259  0.0261  0.0236  0.0233  0.0212  0.0223  0.0223  0.0250  0.0221  0.0240  0.0215  0.0224
niter,ni,del,rscale     5    3    5.0000    1.2000
parameters
    1.0717  -18.9676   19.0759    2.7998    4.5843    1.9509
    1.2709   -0.2405   -0.2170   -2.8056    0.6137   -1.0846
eta,q 0.98072  6.27081
  0.0236  0.0226  0.0202  0.0231  0.0235  0.0231  0.0226  0.0247  0.0215  0.0226  0.0212  0.0204
  0.0214  0.0210  0.0195  0.0214  0.0218  0.0218  0.0209  0.0218  0.0203  0.0210  0.0201  0.0197
  0.0200  0.0200  0.0193  0.0199  0.0203  0.0206  0.0197  0.0199  0.0196  0.0199  0.0195  0.0193
  0.0196  0.0196  0.0196  0.0193  0.0194  0.0193  0.0193  0.0193  0.0193  0.0193  0.0193  0.0193
  0.0202  0.0199  0.0204  0.0201  0.0195  0.0190  0.0196  0.0200  0.0195  0.0196  0.0195  0.0196
  0.0215  0.0207  0.0216  0.0225  0.0207  0.0207  0.0206  0.0219  0.0203  0.0205  0.0202  0.0203
  0.0237  0.0220  0.0231  0.0255  0.0231  0.0245  0.0222  0.0249  0.0214  0.0220  0.0212  0.0213
niter,ni,del,rscale     4    3    5.0000    1.2000
parameters
    1.0760  -18.7445   18.9959    2.6786    4.7201    2.0378
    1.2715   -0.2382   -0.1982   -2.4924    0.5717   -1.5449
eta,q 0.98080  6.27569
  0.0233  0.0224  0.0212  0.0236  0.0233  0.0231  0.0223  0.0247  0.0214  0.0225  0.0211  0.0206
  0.0210  0.0208  0.0201  0.0218  0.0216  0.0218  0.0206  0.0218  0.0202  0.0208  0.0201  0.0198
  0.0197  0.0198  0.0194  0.0202  0.0202  0.0206  0.0196  0.0199  0.0195  0.0197  0.0194  0.0193
  0.0193  0.0193  0.0193  0.0192  0.0193  0.0193  0.0192  0.0192  0.0192  0.0192  0.0192  0.0192
  0.0198  0.0194  0.0196  0.0195  0.0195  0.0189  0.0196  0.0198  0.0195  0.0195  0.0194  0.0194
  0.0211  0.0202  0.0203  0.0215  0.0209  0.0205  0.0206  0.0217  0.0202  0.0205  0.0201  0.0200
  0.0232  0.0214  0.0215  0.0245  0.0235  0.0242  0.0223  0.0247  0.0214  0.0220  0.0211  0.0210
niter,ni,del,rscale     3    3    5.0000    1.2000
parameters
    1.0732  -18.6710   18.9569    2.6511    4.7621    2.0615
    1.2746   -0.2352   -0.1902   -2.3553    0.5484   -1.7143
eta,q 0.98082  6.27739
  0.0232  0.0220  0.0213  0.0236  0.0232  0.0231  0.0223  0.0247  0.0213  0.0223  0.0211  0.0207
  0.0209  0.0205  0.0201  0.0218  0.0215  0.0218  0.0206  0.0217  0.0202  0.0207  0.0200  0.0199
  0.0196  0.0196  0.0194  0.0202  0.0201  0.0205  0.0195  0.0198  0.0194  0.0196  0.0194  0.0194
  0.0192  0.0192  0.0192  0.0192  0.0192  0.0192  0.0192  0.0192  0.0192  0.0192  0.0192  0.0192
  0.0197  0.0195  0.0195  0.0194  0.0195  0.0188  0.0195  0.0198  0.0194  0.0196  0.0194  0.0194
  0.0210  0.0203  0.0202  0.0213  0.0209  0.0206  0.0206  0.0217  0.0202  0.0206  0.0201  0.0199
  0.0231  0.0217  0.0214  0.0243  0.0236  0.0243  0.0223  0.0247  0.0214  0.0221  0.0211  0.0209
niter,ni,del,rscale     2    3    5.0000    1.2000
parameters
    1.0715  -18.6415   18.9427    2.6434    4.7744    2.0631
    1.2773   -0.2329   -0.1805   -2.3023    0.5407   -1.7690
eta,q 0.98082  6.27784
  0.0232  0.0219  0.0214  0.0236  0.0232  0.0231  0.0223  0.0247  0.0213  0.0223  0.0211  0.0207
  0.0209  0.0204  0.0201  0.0218  0.0215  0.0218  0.0206  0.0217  0.0202  0.0206  0.0200  0.0199
  0.0196  0.0195  0.0194  0.0202  0.0200  0.0205  0.0196  0.0198  0.0194  0.0196  0.0194  0.0194
  0.0192  0.0192  0.0192  0.0192  0.0192  0.0192  0.0192  0.0192  0.0192  0.0192  0.0192  0.0192
  0.0197  0.0195  0.0195  0.0194  0.0195  0.0188  0.0195  0.0198  0.0194  0.0196  0.0194  0.0194
  0.0210  0.0204  0.0202  0.0213  0.0209  0.0206  0.0206  0.0217  0.0202  0.0206  0.0201  0.0199
  0.0231  0.0217  0.0214  0.0243  0.0237  0.0244  0.0223  0.0247  0.0213  0.0221  0.0211  0.0208
niter,ni,del,rscale     1    3    5.0000    1.2000
parameters
    1.0721  -18.6335   18.9373    2.6425    4.7755    2.0645
    1.2787   -0.2327   -0.1744   -2.2843    0.5337   -1.7826
eta,q 0.98082  6.27793
  0.0232  0.0218  0.0214  0.0236  0.0232  0.0231  0.0223  0.0247  0.0213  0.0222  0.0211  0.0208
  0.0209  0.0204  0.0201  0.0218  0.0215  0.0218  0.0206  0.0217  0.0202  0.0206  0.0200  0.0199
  0.0196  0.0195  0.0194  0.0202  0.0200  0.0205  0.0196  0.0198  0.0194  0.0196  0.0194  0.0194
  0.0192  0.0192  0.0192  0.0192  0.0192  0.0192  0.0192  0.0192  0.0192  0.0192  0.0192  0.0192
  0.0197  0.0195  0.0195  0.0194  0.0195  0.0189  0.0195  0.0198  0.0194  0.0196  0.0194  0.0193
  0.0210  0.0204  0.0202  0.0213  0.0209  0.0206  0.0206  0.0217  0.0202  0.0206  0.0201  0.0199
  0.0231  0.0218  0.0213  0.0242  0.0237  0.0244  0.0223  0.0247  0.0213  0.0222  0.0211  0.0208
registration optimization eta report
parameter search radius
    2.4000    2.4000    2.4000    7.2000    8.2800    7.2000
    7.2000    7.2000    7.2000    7.2000    7.2000    7.2000
100000*second partial in parameter space
       69.       45.       38.        9.        6.        9.
        6.       11.        4.        6.        4.        3.
  0.0232  0.0218  0.0214  0.0236  0.0232  0.0231  0.0223  0.0247  0.0213  0.0222  0.0211  0.0208
  0.0209  0.0204  0.0201  0.0218  0.0215  0.0218  0.0206  0.0217  0.0202  0.0206  0.0200  0.0199
  0.0196  0.0195  0.0194  0.0202  0.0200  0.0205  0.0196  0.0198  0.0194  0.0196  0.0194  0.0194
  0.0192  0.0192  0.0192  0.0192  0.0192  0.0192  0.0192  0.0192  0.0192  0.0192  0.0192  0.0192
  0.0197  0.0195  0.0195  0.0194  0.0195  0.0189  0.0195  0.0198  0.0194  0.0196  0.0194  0.0193
  0.0210  0.0204  0.0202  0.0213  0.0209  0.0206  0.0206  0.0217  0.0202  0.0206  0.0201  0.0199
  0.0231  0.0218  0.0213  0.0242  0.0237  0.0244  0.0223  0.0247  0.0213  0.0222  0.0211  0.0208
    1.0721  -18.6335   18.9373    2.6425    4.7755    2.0645
    1.2787   -0.2327   -0.1744   -2.2843    0.5337   -1.7826
eta,q 0.98082  6.27793

---------------------------------------------------------------------
imgreg_4dfp /usr/local/freesurfer/5.1/average/711-2C_as_mni_average_305 /usr/local/freesurfer/5.1/average/711-2B_as_mni_average_305_mask talsrcimg_g11 none talsrcimg_to_711-2C_as_mni_average_305_t4 2311
---------------------------------------------------------------------

$Id: imgreg_4dfp.c,v 1.4 2010/02/27 01:41:53 nicks Exp $
/usr/local/freesurfer/5.1/average/711-2C_as_mni_average_305.4dfp.img
       256       256       256         1
  1.000000  1.000000  1.000000
orientation T byte_order littleendian
Reading image: /usr/local/freesurfer/5.1/average/711-2C_as_mni_average_305.4dfp.img
dimensions:      256       256       256
mmppix:       1.0000   -1.0000   -1.0000
center:     128.0000 -129.0000 -129.0000
/usr/local/freesurfer/5.1/average/711-2B_as_mni_average_305_mask.4dfp.img
       256       256       256         1
  1.000000  1.000000  1.000000
orientation T byte_order littleendian
Reading mask: /usr/local/freesurfer/5.1/average/711-2B_as_mni_average_305_mask.4dfp.img (2306576 pixels)
talsrcimg_g11.4dfp.img
       256       256       256         1
  1.000000  1.000000  1.000000
orientation T byte_order littleendian
Reading image: talsrcimg_g11.4dfp.img
dimensions:      256       256       256
mmppix:       1.0000   -1.0000   -1.0000
center:     128.0000 -129.0000 -129.0000
$Id: fimgreg.f,v 1.1 2007/05/04 22:33:59 nicks Exp $
image alignment mode   2311 decimal      907 hex
parameters
    1.0721  -18.6335   18.9373    2.6425    4.7755    2.0645
    1.2787   -0.2327   -0.1744   -2.2843    0.5337   -1.7826
eta,q 0.98082  6.27793
niter,ni,del,rscale     5    3    5.0000    0.8000
parameters
    1.0495  -18.6313   18.9098    3.0760    5.2313    2.9266
    1.1733   -0.1871   -0.2606   -2.5676    0.6121   -2.3794
eta,q 0.98126  6.30601
  0.0209  0.0204  0.0201  0.0218  0.0210  0.0217  0.0203  0.0218  0.0198  0.0202  0.0198  0.0194
  0.0199  0.0197  0.0196  0.0207  0.0201  0.0208  0.0194  0.0202  0.0192  0.0194  0.0192  0.0190
  0.0193  0.0193  0.0193  0.0198  0.0195  0.0200  0.0189  0.0192  0.0189  0.0189  0.0189  0.0188
  0.0192  0.0192  0.0192  0.0192  0.0191  0.0191  0.0188  0.0188  0.0188  0.0188  0.0188  0.0188
  0.0194  0.0193  0.0193  0.0191  0.0192  0.0187  0.0190  0.0191  0.0189  0.0191  0.0188  0.0189
  0.0200  0.0197  0.0197  0.0198  0.0196  0.0192  0.0195  0.0201  0.0193  0.0197  0.0192  0.0193
  0.0210  0.0204  0.0202  0.0213  0.0205  0.0208  0.0204  0.0217  0.0199  0.0205  0.0198  0.0198
niter,ni,del,rscale     4    3    5.0000    0.7000
parameters
    1.0224  -18.6054   18.8915    2.9778    5.3165    3.1597
    1.1693   -0.1773   -0.3086   -2.5290    0.6403   -2.5540
eta,q 0.98131  6.31031
  0.0202  0.0198  0.0196  0.0207  0.0202  0.0210  0.0199  0.0211  0.0195  0.0201  0.0195  0.0193
  0.0193  0.0192  0.0191  0.0198  0.0195  0.0202  0.0192  0.0198  0.0191  0.0193  0.0191  0.0189
  0.0189  0.0189  0.0188  0.0191  0.0190  0.0194  0.0188  0.0190  0.0188  0.0188  0.0188  0.0187
  0.0187  0.0187  0.0187  0.0187  0.0187  0.0187  0.0187  0.0187  0.0187  0.0187  0.0187  0.0187
  0.0189  0.0188  0.0189  0.0189  0.0189  0.0187  0.0188  0.0189  0.0188  0.0189  0.0188  0.0188
  0.0195  0.0191  0.0192  0.0197  0.0193  0.0194  0.0192  0.0198  0.0191  0.0193  0.0190  0.0190
  0.0203  0.0197  0.0197  0.0211  0.0201  0.0210  0.0199  0.0211  0.0196  0.0200  0.0195  0.0194
niter,ni,del,rscale     3    3    5.0000    0.6000
parameters
    1.0146  -18.5860   18.8982    2.9926    5.3372    3.3504
    1.1657   -0.1761   -0.3439   -2.5495    0.6688   -2.6613
eta,q 0.98134  6.31304
  0.0198  0.0194  0.0194  0.0203  0.0197  0.0206  0.0196  0.0205  0.0193  0.0197  0.0193  0.0191
  0.0192  0.0190  0.0190  0.0195  0.0192  0.0199  0.0191  0.0195  0.0189  0.0191  0.0189  0.0188
  0.0188  0.0188  0.0188  0.0190  0.0188  0.0191  0.0188  0.0189  0.0187  0.0188  0.0187  0.0187
  0.0187  0.0187  0.0187  0.0187  0.0187  0.0187  0.0187  0.0187  0.0187  0.0187  0.0187  0.0187
  0.0188  0.0188  0.0188  0.0188  0.0188  0.0187  0.0188  0.0189  0.0187  0.0188  0.0187  0.0187
  0.0192  0.0190  0.0190  0.0194  0.0192  0.0193  0.0191  0.0195  0.0190  0.0192  0.0189  0.0189
  0.0198  0.0194  0.0194  0.0204  0.0198  0.0205  0.0196  0.0205  0.0193  0.0197  0.0193  0.0192
niter,ni,del,rscale     2    3    5.0000    0.5000
parameters
    1.0029  -18.5791   18.9119    3.0275    5.3436    3.4982
    1.1698   -0.1716   -0.3648   -2.5748    0.6732   -2.7341
eta,q 0.98137  6.31490
  0.0194  0.0192  0.0192  0.0198  0.0194  0.0201  0.0193  0.0199  0.0191  0.0194  0.0191  0.0190
  0.0190  0.0189  0.0189  0.0193  0.0190  0.0195  0.0189  0.0192  0.0188  0.0189  0.0188  0.0188
  0.0187  0.0187  0.0187  0.0188  0.0188  0.0190  0.0187  0.0188  0.0187  0.0187  0.0187  0.0187
  0.0187  0.0187  0.0187  0.0187  0.0187  0.0187  0.0186  0.0186  0.0186  0.0186  0.0186  0.0186
  0.0187  0.0187  0.0187  0.0187  0.0187  0.0187  0.0187  0.0188  0.0187  0.0187  0.0187  0.0187
  0.0190  0.0189  0.0189  0.0191  0.0190  0.0191  0.0189  0.0192  0.0188  0.0190  0.0188  0.0188
  0.0194  0.0192  0.0191  0.0198  0.0194  0.0200  0.0193  0.0199  0.0191  0.0194  0.0191  0.0190
niter,ni,del,rscale     1    3    5.0000    0.4000
parameters
    0.9933  -18.5804   18.9310    3.0594    5.3457    3.6089
    1.1788   -0.1631   -0.3839   -2.6145    0.6702   -2.7884
eta,q 0.98138  6.31613
  0.0191  0.0190  0.0190  0.0194  0.0192  0.0197  0.0190  0.0195  0.0189  0.0191  0.0189  0.0188
  0.0188  0.0188  0.0188  0.0190  0.0189  0.0192  0.0188  0.0190  0.0188  0.0188  0.0188  0.0187
  0.0187  0.0187  0.0187  0.0187  0.0187  0.0188  0.0187  0.0187  0.0187  0.0187  0.0187  0.0186
  0.0186  0.0186  0.0186  0.0186  0.0186  0.0186  0.0186  0.0186  0.0186  0.0186  0.0186  0.0186
  0.0187  0.0187  0.0187  0.0187  0.0187  0.0187  0.0187  0.0187  0.0187  0.0187  0.0187  0.0187
  0.0189  0.0188  0.0188  0.0189  0.0189  0.0190  0.0188  0.0190  0.0188  0.0189  0.0188  0.0187
  0.0191  0.0190  0.0189  0.0194  0.0192  0.0196  0.0190  0.0195  0.0189  0.0191  0.0189  0.0189
registration optimization eta report
parameter search radius
    0.8000    0.8000    0.8000    2.4000    2.4000    2.4000
    2.4000    2.4000    2.4000    2.4000    2.4000    2.4000
100000*second partial in parameter space
       79.       52.       50.       13.        9.       17.
        7.       15.        5.        8.        5.        4.
  0.0191  0.0190  0.0190  0.0194  0.0192  0.0197  0.0190  0.0195  0.0189  0.0191  0.0189  0.0188
  0.0188  0.0188  0.0188  0.0190  0.0189  0.0192  0.0188  0.0190  0.0188  0.0188  0.0188  0.0187
  0.0187  0.0187  0.0187  0.0187  0.0187  0.0188  0.0187  0.0187  0.0187  0.0187  0.0187  0.0186
  0.0186  0.0186  0.0186  0.0186  0.0186  0.0186  0.0186  0.0186  0.0186  0.0186  0.0186  0.0186
  0.0187  0.0187  0.0187  0.0187  0.0187  0.0187  0.0187  0.0187  0.0187  0.0187  0.0187  0.0187
  0.0189  0.0188  0.0188  0.0189  0.0189  0.0190  0.0188  0.0190  0.0188  0.0189  0.0188  0.0187
  0.0191  0.0190  0.0189  0.0194  0.0192  0.0196  0.0190  0.0195  0.0189  0.0191  0.0189  0.0189
    0.9933  -18.5804   18.9310    3.0594    5.3457    3.6089
    1.1788   -0.1631   -0.3839   -2.6145    0.6702   -2.7884
eta,q 0.98138  6.31613

---------------------------------------------------------------------
imgreg_4dfp /usr/local/freesurfer/5.1/average/711-2C_as_mni_average_305 /usr/local/freesurfer/5.1/average/711-2B_as_mni_average_305_mask talsrcimg_g11 none talsrcimg_to_711-2C_as_mni_average_305_t4 2311
---------------------------------------------------------------------

$Id: imgreg_4dfp.c,v 1.4 2010/02/27 01:41:53 nicks Exp $
/usr/local/freesurfer/5.1/average/711-2C_as_mni_average_305.4dfp.img
       256       256       256         1
  1.000000  1.000000  1.000000
orientation T byte_order littleendian
Reading image: /usr/local/freesurfer/5.1/average/711-2C_as_mni_average_305.4dfp.img
dimensions:      256       256       256
mmppix:       1.0000   -1.0000   -1.0000
center:     128.0000 -129.0000 -129.0000
/usr/local/freesurfer/5.1/average/711-2B_as_mni_average_305_mask.4dfp.img
       256       256       256         1
  1.000000  1.000000  1.000000
orientation T byte_order littleendian
Reading mask: /usr/local/freesurfer/5.1/average/711-2B_as_mni_average_305_mask.4dfp.img (2306576 pixels)
talsrcimg_g11.4dfp.img
       256       256       256         1
  1.000000  1.000000  1.000000
orientation T byte_order littleendian
Reading image: talsrcimg_g11.4dfp.img
dimensions:      256       256       256
mmppix:       1.0000   -1.0000   -1.0000
center:     128.0000 -129.0000 -129.0000
$Id: fimgreg.f,v 1.1 2007/05/04 22:33:59 nicks Exp $
image alignment mode   2311 decimal      907 hex
parameters
    0.9933  -18.5804   18.9310    3.0594    5.3457    3.6089
    1.1788   -0.1631   -0.3839   -2.6145    0.6702   -2.7884
eta,q 0.98138  6.31613
niter,ni,del,rscale     5    3    5.0000    0.8000
parameters
    1.0140  -18.5958   18.9563    2.7221    5.2241    3.1798
    1.2313   -0.2039   -0.3191   -2.3882    0.6155   -2.5332
eta,q 0.98128  6.30714
  0.0207  0.0199  0.0199  0.0210  0.0203  0.0211  0.0203  0.0216  0.0198  0.0206  0.0197  0.0197
  0.0195  0.0192  0.0192  0.0198  0.0195  0.0202  0.0194  0.0201  0.0192  0.0196  0.0192  0.0191
  0.0188  0.0188  0.0188  0.0190  0.0189  0.0192  0.0189  0.0191  0.0189  0.0189  0.0188  0.0188
  0.0186  0.0186  0.0186  0.0186  0.0186  0.0187  0.0187  0.0187  0.0187  0.0187  0.0187  0.0187
  0.0188  0.0188  0.0188  0.0190  0.0189  0.0190  0.0189  0.0191  0.0188  0.0189  0.0188  0.0188
  0.0195  0.0192  0.0192  0.0201  0.0195  0.0204  0.0194  0.0201  0.0192  0.0194  0.0192  0.0190
  0.0206  0.0200  0.0198  0.0220  0.0206  0.0227  0.0202  0.0218  0.0198  0.0202  0.0198  0.0195
niter,ni,del,rscale     4    3    5.0000    0.7000
parameters
    1.0205  -18.5774   18.9124    2.9041    5.2762    3.2003
    1.1993   -0.1838   -0.3073   -2.4682    0.6191   -2.5830
eta,q 0.98131  6.30961
  0.0202  0.0197  0.0196  0.0209  0.0201  0.0209  0.0199  0.0211  0.0195  0.0200  0.0195  0.0193
  0.0194  0.0192  0.0191  0.0199  0.0194  0.0201  0.0192  0.0198  0.0191  0.0192  0.0191  0.0190
  0.0189  0.0189  0.0188  0.0191  0.0189  0.0193  0.0188  0.0190  0.0188  0.0188  0.0188  0.0188
  0.0187  0.0187  0.0187  0.0187  0.0187  0.0187  0.0187  0.0187  0.0187  0.0187  0.0187  0.0187
  0.0189  0.0188  0.0188  0.0188  0.0188  0.0188  0.0188  0.0189  0.0188  0.0189  0.0188  0.0188
  0.0194  0.0191  0.0192  0.0194  0.0193  0.0196  0.0192  0.0197  0.0191  0.0194  0.0191  0.0190
  0.0202  0.0197  0.0197  0.0207  0.0201  0.0213  0.0199  0.0210  0.0195  0.0200  0.0195  0.0194
niter,ni,del,rscale     3    3    5.0000    0.6000
parameters
    1.0124  -18.5794   18.9047    2.9895    5.3261    3.3507
    1.1765   -0.1773   -0.3312   -2.5319    0.6614   -2.6634
eta,q 0.98134  6.31281
  0.0198  0.0194  0.0194  0.0203  0.0198  0.0205  0.0196  0.0205  0.0193  0.0197  0.0193  0.0191
  0.0192  0.0190  0.0190  0.0196  0.0192  0.0198  0.0191  0.0195  0.0189  0.0191  0.0189  0.0189
  0.0188  0.0188  0.0188  0.0190  0.0188  0.0191  0.0188  0.0189  0.0187  0.0188  0.0187  0.0187
  0.0187  0.0187  0.0187  0.0187  0.0187  0.0187  0.0187  0.0187  0.0187  0.0187  0.0187  0.0187
  0.0188  0.0188  0.0188  0.0188  0.0188  0.0187  0.0188  0.0188  0.0187  0.0188  0.0187  0.0187
  0.0192  0.0190  0.0190  0.0193  0.0191  0.0193  0.0191  0.0195  0.0189  0.0192  0.0189  0.0189
  0.0198  0.0194  0.0194  0.0203  0.0197  0.0205  0.0196  0.0205  0.0193  0.0197  0.0193  0.0192
niter,ni,del,rscale     2    3    5.0000    0.5000
parameters
    1.0029  -18.5757   18.9123    3.0305    5.3370    3.4970
    1.1635   -0.1699   -0.3610   -2.5760    0.6696   -2.7369
eta,q 0.98136  6.31478
  0.0194  0.0192  0.0192  0.0198  0.0194  0.0201  0.0193  0.0199  0.0191  0.0194  0.0191  0.0190
  0.0190  0.0189  0.0189  0.0193  0.0190  0.0195  0.0189  0.0192  0.0188  0.0189  0.0188  0.0188
  0.0187  0.0187  0.0187  0.0188  0.0188  0.0190  0.0187  0.0188  0.0187  0.0187  0.0187  0.0187
  0.0187  0.0187  0.0187  0.0187  0.0187  0.0187  0.0186  0.0186  0.0186  0.0186  0.0186  0.0186
  0.0187  0.0187  0.0187  0.0187  0.0187  0.0187  0.0187  0.0188  0.0187  0.0187  0.0187  0.0187
  0.0190  0.0189  0.0189  0.0191  0.0190  0.0192  0.0189  0.0192  0.0188  0.0190  0.0188  0.0188
  0.0194  0.0192  0.0191  0.0198  0.0194  0.0200  0.0193  0.0199  0.0191  0.0194  0.0191  0.0190
niter,ni,del,rscale     1    3    5.0000    0.4000
parameters
    0.9945  -18.5810   18.9316    3.0624    5.3471    3.6073
    1.1818   -0.1620   -0.3856   -2.6104    0.6682   -2.7807
eta,q 0.98138  6.31618
  0.0191  0.0190  0.0190  0.0194  0.0192  0.0197  0.0190  0.0195  0.0189  0.0191  0.0189  0.0188
  0.0188  0.0188  0.0188  0.0190  0.0189  0.0192  0.0188  0.0190  0.0188  0.0188  0.0188  0.0187
  0.0187  0.0187  0.0187  0.0187  0.0187  0.0188  0.0187  0.0187  0.0187  0.0187  0.0187  0.0186
  0.0186  0.0186  0.0186  0.0186  0.0186  0.0186  0.0186  0.0186  0.0186  0.0186  0.0186  0.0186
  0.0187  0.0187  0.0187  0.0187  0.0187  0.0187  0.0187  0.0187  0.0187  0.0187  0.0187  0.0187
  0.0189  0.0188  0.0188  0.0189  0.0189  0.0190  0.0188  0.0190  0.0188  0.0189  0.0188  0.0187
  0.0191  0.0190  0.0189  0.0194  0.0192  0.0195  0.0190  0.0195  0.0189  0.0191  0.0189  0.0189
registration optimization eta report
parameter search radius
    0.8000    0.8000    0.8000    2.4000    2.4000    2.4000
    2.4000    2.4000    2.4000    2.4000    2.4000    2.4000
100000*second partial in parameter space
       79.       52.       51.       13.        9.       17.
        7.       15.        5.        8.        5.        4.
  0.0191  0.0190  0.0190  0.0194  0.0192  0.0197  0.0190  0.0195  0.0189  0.0191  0.0189  0.0188
  0.0188  0.0188  0.0188  0.0190  0.0189  0.0192  0.0188  0.0190  0.0188  0.0188  0.0188  0.0187
  0.0187  0.0187  0.0187  0.0187  0.0187  0.0188  0.0187  0.0187  0.0187  0.0187  0.0187  0.0186
  0.0186  0.0186  0.0186  0.0186  0.0186  0.0186  0.0186  0.0186  0.0186  0.0186  0.0186  0.0186
  0.0187  0.0187  0.0187  0.0187  0.0187  0.0187  0.0187  0.0187  0.0187  0.0187  0.0187  0.0187
  0.0189  0.0188  0.0188  0.0189  0.0189  0.0190  0.0188  0.0190  0.0188  0.0189  0.0188  0.0187
  0.0191  0.0190  0.0189  0.0194  0.0192  0.0195  0.0190  0.0195  0.0189  0.0191  0.0189  0.0189
    0.9945  -18.5810   18.9316    3.0624    5.3471    3.6073
    1.1818   -0.1620   -0.3856   -2.6104    0.6682   -2.7807
eta,q 0.98138  6.31618

---------------------------------------------------------------------
compute_vox2vox talsrcimg talsrcimg_to_711-2C_as_mni_average_305_t4 /usr/local/freesurfer/5.1/average/711-2C_as_mni_average_305
---------------------------------------------------------------------

$Id: compute_vox2vox.c,v 1.3 2010/02/27 01:41:53 nicks Exp $
Reading: talsrcimg.4dfp.ifh
Reading: talsrcimg_to_711-2C_as_mni_average_305_t4
Reading: /usr/local/freesurfer/5.1/average/711-2C_as_mni_average_305.4dfp.ifh
Writing: talsrcimg_to_711-2C_as_mni_average_305_t4_vox2vox.txt

start time Wed Dec 9 13:45:44 EST 2015
end		time Wed Dec 9 13:46:51 EST 2015

mpr2mni305 success

avi2talxfm orig.mgz /usr/local/freesurfer/5.1/average/mni305.cor.mgz talsrcimg_to_711-2C_as_mni_average_305_t4_vox2vox.txt transforms/talairach.auto.xfm
avi2talxfm done
 
 
Wed Dec  9 13:46:54 EST 2015
talairach_avi done
