status file for recon-all
Wed Dec  9 13:45:22 EST 2015
#@# MotionCor Wed Dec  9 13:45:29 EST 2015
#@# Talairach Wed Dec  9 13:45:43 EST 2015
#@# Talairach Failure Detection Wed Dec  9 13:46:55 EST 2015
#@# Nu Intensity Correction Wed Dec  9 13:46:55 EST 2015
#@# Intensity Normalization Wed Dec  9 13:48:27 EST 2015
#@# Skull Stripping Wed Dec  9 13:51:41 EST 2015
#@# EM Registration Wed Dec  9 14:14:19 EST 2015
#@# CA Normalize Wed Dec  9 14:43:13 EST 2015
#@# CA Reg Wed Dec  9 14:45:13 EST 2015
#@# CA Reg Inv Wed Dec  9 21:40:26 EST 2015
#@# Remove Neck Wed Dec  9 21:41:17 EST 2015
#@# SkullLTA Wed Dec  9 21:42:21 EST 2015
#@# SubCort Seg Wed Dec  9 22:08:42 EST 2015
#@# Merge ASeg Wed Dec  9 22:33:35 EST 2015
#@# Intensity Normalization2 Wed Dec  9 22:33:36 EST 2015
#@# Mask BFS Wed Dec  9 22:38:20 EST 2015
#@# WM Segmentation Wed Dec  9 22:38:22 EST 2015
#@# Fill Wed Dec  9 22:42:03 EST 2015
#@# Tessellate lh Wed Dec  9 22:43:03 EST 2015
#@# Smooth1 lh Wed Dec  9 22:43:12 EST 2015
#@# Inflation1 lh Wed Dec  9 22:43:17 EST 2015
#@# QSphere lh Wed Dec  9 22:44:04 EST 2015
#@# Fix Topology lh Wed Dec  9 22:49:48 EST 2015
#@# Make White Surf lh Wed Dec  9 23:26:01 EST 2015
#@# Smooth2 lh Wed Dec  9 23:31:57 EST 2015
#@# Inflation2 lh Wed Dec  9 23:32:01 EST 2015
#@# Curvature Stats lh Wed Dec  9 23:34:21 EST 2015
#@# Sphere lh Wed Dec  9 23:34:26 EST 2015
#@# Surf Reg lh Thu Dec 10 00:38:33 EST 2015
#@# Jacobian white lh Thu Dec 10 01:17:57 EST 2015
#@# AvgCurv lh Thu Dec 10 01:17:59 EST 2015
#@# Cortical Parc lh Thu Dec 10 01:18:01 EST 2015
#@# Make Pial Surf lh Thu Dec 10 01:19:19 EST 2015
#@# Surf Volume lh Thu Dec 10 01:31:34 EST 2015
#@# Parcellation Stats lh Thu Dec 10 01:31:34 EST 2015
#@# Cortical Parc 2 lh Thu Dec 10 01:32:08 EST 2015
#@# Parcellation Stats 2 lh Thu Dec 10 01:33:34 EST 2015
#@# Tessellate rh Thu Dec 10 01:34:09 EST 2015
#@# Smooth1 rh Thu Dec 10 01:34:18 EST 2015
#@# Inflation1 rh Thu Dec 10 01:34:23 EST 2015
#@# QSphere rh Thu Dec 10 01:35:11 EST 2015
#@# Fix Topology rh Thu Dec 10 01:40:49 EST 2015
#@# Make White Surf rh Thu Dec 10 02:17:21 EST 2015
#@# Smooth2 rh Thu Dec 10 02:23:31 EST 2015
#@# Inflation2 rh Thu Dec 10 02:23:35 EST 2015
#@# Curvature Stats rh Thu Dec 10 02:25:56 EST 2015
#@# Sphere rh Thu Dec 10 02:26:01 EST 2015
#@# Surf Reg rh Thu Dec 10 03:26:27 EST 2015
#@# Jacobian white rh Thu Dec 10 04:07:37 EST 2015
#@# AvgCurv rh Thu Dec 10 04:07:40 EST 2015
#@# Cortical Parc rh Thu Dec 10 04:07:42 EST 2015
#@# Make Pial Surf rh Thu Dec 10 04:09:00 EST 2015
#@# Surf Volume rh Thu Dec 10 04:21:46 EST 2015
#@# Parcellation Stats rh Thu Dec 10 04:21:47 EST 2015
#@# Cortical Parc 2 rh Thu Dec 10 04:22:21 EST 2015
#@# Parcellation Stats 2 rh Thu Dec 10 04:23:48 EST 2015
#@# Cortical ribbon mask Thu Dec 10 04:24:24 EST 2015
#@# ASeg Stats Thu Dec 10 04:32:48 EST 2015
#@# AParc-to-ASeg Thu Dec 10 04:43:34 EST 2015
#@# WMParc Thu Dec 10 04:47:29 EST 2015
#@# BA Labels lh Thu Dec 10 05:10:08 EST 2015
#@# BA Labels rh Thu Dec 10 05:12:37 EST 2015
#@# Ex-vivo Entorhinal Cortex Label lh Thu Dec 10 05:15:06 EST 2015
#@# Ex-vivo Entorhinal Cortex Label rh Thu Dec 10 05:15:23 EST 2015
recon-all -s FreeSurfer finished without error at Thu Dec 10 05:15:40 EST 2015



New invocation of recon-all 



status file for recon-all
Tue Dec 15 17:07:09 EST 2015
#@# Mask BFS Tue Dec 15 17:07:09 EST 2015
#@# Fill Tue Dec 15 17:07:11 EST 2015
#@# Tessellate lh Tue Dec 15 17:08:13 EST 2015
#@# Smooth1 lh Tue Dec 15 17:08:23 EST 2015
#@# Inflation1 lh Tue Dec 15 17:08:28 EST 2015
#@# QSphere lh Tue Dec 15 17:09:16 EST 2015
#@# Fix Topology lh Tue Dec 15 17:15:13 EST 2015
#@# Make White Surf lh Tue Dec 15 17:51:04 EST 2015
#@# Smooth2 lh Tue Dec 15 17:57:24 EST 2015
#@# Inflation2 lh Tue Dec 15 17:57:29 EST 2015
#@# Curvature Stats lh Tue Dec 15 17:59:55 EST 2015
#@# Sphere lh Tue Dec 15 18:00:00 EST 2015
#@# Surf Reg lh Tue Dec 15 19:12:28 EST 2015
#@# Jacobian white lh Tue Dec 15 19:51:09 EST 2015
#@# AvgCurv lh Tue Dec 15 19:51:12 EST 2015
#@# Cortical Parc lh Tue Dec 15 19:51:14 EST 2015
#@# Make Pial Surf lh Tue Dec 15 19:52:32 EST 2015
#@# Surf Volume lh Tue Dec 15 20:05:16 EST 2015
#@# Parcellation Stats lh Tue Dec 15 20:05:16 EST 2015
#@# Cortical Parc 2 lh Tue Dec 15 20:05:51 EST 2015
#@# Parcellation Stats 2 lh Tue Dec 15 20:07:18 EST 2015
#@# Tessellate rh Tue Dec 15 20:07:54 EST 2015
#@# Smooth1 rh Tue Dec 15 20:08:03 EST 2015
#@# Inflation1 rh Tue Dec 15 20:08:09 EST 2015
#@# QSphere rh Tue Dec 15 20:08:57 EST 2015
#@# Fix Topology rh Tue Dec 15 20:15:02 EST 2015
#@# Make White Surf rh Tue Dec 15 20:38:29 EST 2015
#@# Smooth2 rh Tue Dec 15 20:45:00 EST 2015
#@# Inflation2 rh Tue Dec 15 20:45:05 EST 2015
#@# Curvature Stats rh Tue Dec 15 20:47:32 EST 2015
#@# Sphere rh Tue Dec 15 20:47:37 EST 2015
#@# Surf Reg rh Tue Dec 15 21:58:50 EST 2015
#@# Jacobian white rh Tue Dec 15 22:43:17 EST 2015
#@# AvgCurv rh Tue Dec 15 22:43:20 EST 2015
#@# Cortical Parc rh Tue Dec 15 22:43:22 EST 2015
#@# Make Pial Surf rh Tue Dec 15 22:44:43 EST 2015
#@# Surf Volume rh Tue Dec 15 22:57:38 EST 2015
#@# Parcellation Stats rh Tue Dec 15 22:57:39 EST 2015
#@# Cortical Parc 2 rh Tue Dec 15 22:58:14 EST 2015
#@# Parcellation Stats 2 rh Tue Dec 15 22:59:43 EST 2015
#@# Cortical ribbon mask Tue Dec 15 23:00:20 EST 2015
#@# ASeg Stats Tue Dec 15 23:09:41 EST 2015
#@# AParc-to-ASeg Tue Dec 15 23:20:33 EST 2015
#@# WMParc Tue Dec 15 23:24:47 EST 2015
#@# BA Labels lh Tue Dec 15 23:46:56 EST 2015
#@# BA Labels rh Tue Dec 15 23:49:30 EST 2015
#@# Ex-vivo Entorhinal Cortex Label lh Tue Dec 15 23:52:04 EST 2015
#@# Ex-vivo Entorhinal Cortex Label rh Tue Dec 15 23:52:21 EST 2015
recon-all -s FreeSurfer finished without error at Tue Dec 15 23:52:39 EST 2015



New invocation of recon-all 



status file for recon-all
Wed Dec 16 09:55:17 EST 2015
#@# Mask BFS Wed Dec 16 09:55:17 EST 2015
#@# Fill Wed Dec 16 09:55:19 EST 2015
#@# Tessellate lh Wed Dec 16 09:56:21 EST 2015
#@# Smooth1 lh Wed Dec 16 09:56:30 EST 2015
#@# Inflation1 lh Wed Dec 16 09:56:36 EST 2015
#@# QSphere lh Wed Dec 16 09:57:24 EST 2015
#@# Fix Topology lh Wed Dec 16 10:03:28 EST 2015
#@# Make White Surf lh Wed Dec 16 10:39:54 EST 2015
#@# Smooth2 lh Wed Dec 16 10:46:08 EST 2015
#@# Inflation2 lh Wed Dec 16 10:46:13 EST 2015
#@# Curvature Stats lh Wed Dec 16 10:48:38 EST 2015
#@# Sphere lh Wed Dec 16 10:48:43 EST 2015
#@# Surf Reg lh Wed Dec 16 12:01:04 EST 2015
#@# Jacobian white lh Wed Dec 16 12:39:15 EST 2015
#@# AvgCurv lh Wed Dec 16 12:39:17 EST 2015
#@# Cortical Parc lh Wed Dec 16 12:39:19 EST 2015
#@# Make Pial Surf lh Wed Dec 16 12:40:37 EST 2015
#@# Surf Volume lh Wed Dec 16 12:53:09 EST 2015
#@# Parcellation Stats lh Wed Dec 16 12:53:09 EST 2015
#@# Cortical Parc 2 lh Wed Dec 16 12:53:43 EST 2015
#@# Parcellation Stats 2 lh Wed Dec 16 12:55:09 EST 2015
#@# Tessellate rh Wed Dec 16 12:55:45 EST 2015
#@# Smooth1 rh Wed Dec 16 12:55:54 EST 2015
#@# Inflation1 rh Wed Dec 16 12:55:59 EST 2015
#@# QSphere rh Wed Dec 16 12:56:48 EST 2015
#@# Fix Topology rh Wed Dec 16 13:02:52 EST 2015
#@# Make White Surf rh Wed Dec 16 13:26:13 EST 2015
#@# Smooth2 rh Wed Dec 16 13:32:42 EST 2015
#@# Inflation2 rh Wed Dec 16 13:32:48 EST 2015
#@# Curvature Stats rh Wed Dec 16 13:35:22 EST 2015
#@# Sphere rh Wed Dec 16 13:35:27 EST 2015
#@# Surf Reg rh Wed Dec 16 14:48:17 EST 2015
#@# Jacobian white rh Wed Dec 16 15:33:14 EST 2015
#@# AvgCurv rh Wed Dec 16 15:33:16 EST 2015
#@# Cortical Parc rh Wed Dec 16 15:33:19 EST 2015
#@# Make Pial Surf rh Wed Dec 16 15:34:40 EST 2015
#@# Surf Volume rh Wed Dec 16 15:47:46 EST 2015
#@# Parcellation Stats rh Wed Dec 16 15:47:46 EST 2015
#@# Cortical Parc 2 rh Wed Dec 16 15:48:21 EST 2015
#@# Parcellation Stats 2 rh Wed Dec 16 15:49:50 EST 2015
#@# Cortical ribbon mask Wed Dec 16 15:50:28 EST 2015
#@# ASeg Stats Wed Dec 16 16:00:00 EST 2015
#@# AParc-to-ASeg Wed Dec 16 16:10:52 EST 2015
#@# WMParc Wed Dec 16 16:15:08 EST 2015
#@# BA Labels lh Wed Dec 16 16:37:30 EST 2015
#@# BA Labels rh Wed Dec 16 16:40:07 EST 2015
#@# Ex-vivo Entorhinal Cortex Label lh Wed Dec 16 16:42:45 EST 2015
#@# Ex-vivo Entorhinal Cortex Label rh Wed Dec 16 16:43:02 EST 2015
recon-all -s FreeSurfer finished without error at Wed Dec 16 16:43:20 EST 2015
